GROUP,PACKAGE,CLASS,INSTRUCTION_MISSED,INSTRUCTION_COVERED,BRANCH_MISSED,BRANCH_COVERED,LINE_MISSED,LINE_COVERED,COMPLEXITY_MISSED,COMPLEXITY_COVERED,METHOD_MISSED,METHOD_COVERED
proaccount-rest,inc.nimbuspay.proaccountrest.payment.constant.enums,PaymentResponseMessage,0,146,0,0,0,23,0,5,0,5
proaccount-rest,inc.nimbuspay.proaccountrest.payment.constant.enums,Constants,0,4,0,0,0,1,0,1,0,1
proaccount-rest,inc.nimbuspay.proaccountrest,ProaccountRestApplication,5,3,0,0,2,1,1,1,1,1
proaccount-rest,inc.nimbuspay.proaccountrest.transaction.response.generated.financialresponsev03,AdditionalInformation29,432,0,78,0,13,0,64,0,25,0
proaccount-rest,inc.nimbuspay.proaccountrest.transaction.response.generated.financialresponsev03,FinancialResponse2.FinancialResponse2Builder,58,0,0,0,1,0,8,0,8,0
proaccount-rest,inc.nimbuspay.proaccountrest.transaction.response.generated.financialresponsev03,AdditionalInformation20,389,0,70,0,12,0,58,0,23,0
proaccount-rest,inc.nimbuspay.proaccountrest.transaction.response.generated.financialresponsev03,KEK6.KEK6Builder,49,0,0,0,1,0,7,0,7,0
proaccount-rest,inc.nimbuspay.proaccountrest.transaction.response.generated.financialresponsev03,Reconciliation3.Reconciliation3Builder,36,0,0,0,1,0,6,0,6,0
proaccount-rest,inc.nimbuspay.proaccountrest.transaction.response.generated.financialresponsev03,BalanceType15Code,69,0,0,0,13,0,3,0,3,0
proaccount-rest,inc.nimbuspay.proaccountrest.transaction.response.generated.financialresponsev03,FleetLineItem3.FleetLineItem3Builder,95,0,0,0,1,0,12,0,12,0
proaccount-rest,inc.nimbuspay.proaccountrest.transaction.response.generated.financialresponsev03,Environment26,279,27,54,0,8,2,39,7,12,7
proaccount-rest,inc.nimbuspay.proaccountrest.transaction.response.generated.financialresponsev03,PartyIdentification263,314,31,62,0,9,2,44,8,13,8
proaccount-rest,inc.nimbuspay.proaccountrest.transaction.response.generated.financialresponsev03,AdditionalAction1,434,0,78,0,13,0,64,0,25,0
proaccount-rest,inc.nimbuspay.proaccountrest.transaction.response.generated.financialresponsev03,Algorithm5Code,63,0,4,0,12,0,6,0,4,0
proaccount-rest,inc.nimbuspay.proaccountrest.transaction.response.generated.financialresponsev03,PartyIdentification258,345,0,62,0,11,0,52,0,21,0
proaccount-rest,inc.nimbuspay.proaccountrest.transaction.response.generated.financialresponsev03,Parameter14,159,0,24,0,7,0,25,0,13,0
proaccount-rest,inc.nimbuspay.proaccountrest.transaction.response.generated.financialresponsev03,Identification3Code,81,0,0,0,15,0,3,0,3,0
proaccount-rest,inc.nimbuspay.proaccountrest.transaction.response.generated.financialresponsev03,ContentType2Code,39,0,0,0,8,0,3,0,3,0
proaccount-rest,inc.nimbuspay.proaccountrest.transaction.response.generated.financialresponsev03,Parameter13,130,0,22,0,6,0,22,0,11,0
proaccount-rest,inc.nimbuspay.proaccountrest.transaction.response.generated.financialresponsev03,Recipient5Choice,130,0,22,0,6,0,22,0,11,0
proaccount-rest,inc.nimbuspay.proaccountrest.transaction.response.generated.financialresponsev03,InstalmentAmountDetails2,260,0,46,0,9,0,40,0,17,0
proaccount-rest,inc.nimbuspay.proaccountrest.transaction.response.generated.financialresponsev03,VerificationResult2.VerificationResult2Builder,66,0,0,0,1,0,9,0,9,0
proaccount-rest,inc.nimbuspay.proaccountrest.transaction.response.generated.financialresponsev03,FleetServiceType1Code,27,0,0,0,6,0,3,0,3,0
proaccount-rest,inc.nimbuspay.proaccountrest.transaction.response.generated.financialresponsev03,GracePeriod2.GracePeriod2Builder,46,0,0,0,1,0,7,0,7,0
proaccount-rest,inc.nimbuspay.proaccountrest.transaction.response.generated.financialresponsev03,MessageFunction16Code,6,33,0,0,2,6,2,1,2,1
proaccount-rest,inc.nimbuspay.proaccountrest.transaction.response.generated.financialresponsev03,ContentInformationType20.ContentInformationType20Builder,28,0,0,0,1,0,5,0,5,0
proaccount-rest,inc.nimbuspay.proaccountrest.transaction.response.generated.financialresponsev03,KEKIdentifier6.KEKIdentifier6Builder,47,0,0,0,1,0,7,0,7,0
proaccount-rest,inc.nimbuspay.proaccountrest.transaction.response.generated.financialresponsev03,Algorithm23Code,119,0,4,0,20,0,6,0,4,0
proaccount-rest,inc.nimbuspay.proaccountrest.transaction.response.generated.financialresponsev03,AdditionalInformation29.AdditionalInformation29Builder,93,0,0,0,1,0,12,0,12,0
proaccount-rest,inc.nimbuspay.proaccountrest.transaction.response.generated.financialresponsev03,TransactionLifeCycleIdentification1.TransactionLifeCycleIdentification1Builder,54,0,0,0,1,0,8,0,8,0
proaccount-rest,inc.nimbuspay.proaccountrest.transaction.response.generated.financialresponsev03,PartyType28Code,51,0,0,0,10,0,3,0,3,0
proaccount-rest,inc.nimbuspay.proaccountrest.transaction.response.generated.financialresponsev03,PartyIdentification200,302,0,54,0,10,0,46,0,19,0
proaccount-rest,inc.nimbuspay.proaccountrest.transaction.response.generated.financialresponsev03,AlgorithmIdentification25.AlgorithmIdentification25Builder,29,0,0,0,1,0,5,0,5,0
proaccount-rest,inc.nimbuspay.proaccountrest.transaction.response.generated.financialresponsev03,AlgorithmIdentification27.AlgorithmIdentification27Builder,29,0,0,0,1,0,5,0,5,0
proaccount-rest,inc.nimbuspay.proaccountrest.transaction.response.generated.financialresponsev03,Parameter7.Parameter7Builder,29,0,0,0,1,0,5,0,5,0
proaccount-rest,inc.nimbuspay.proaccountrest.transaction.response.generated.financialresponsev03,TransactionContext8.TransactionContext8Builder,102,0,0,0,1,0,13,0,13,0
proaccount-rest,inc.nimbuspay.proaccountrest.transaction.response.generated.financialresponsev03,Traceability9.Traceability9Builder,37,0,0,0,1,0,6,0,6,0
proaccount-rest,inc.nimbuspay.proaccountrest.transaction.response.generated.financialresponsev03,TypeOfAmount22Code,6,45,0,0,2,8,2,1,2,1
proaccount-rest,inc.nimbuspay.proaccountrest.transaction.response.generated.financialresponsev03,FeeCollectionInitiator1Code,6,33,0,0,2,6,2,1,2,1
proaccount-rest,inc.nimbuspay.proaccountrest.transaction.response.generated.financialresponsev03,SupplementaryData1.SupplementaryData1Builder,28,0,0,0,1,0,5,0,5,0
proaccount-rest,inc.nimbuspay.proaccountrest.transaction.response.generated.financialresponsev03,Transaction143.Transaction143Builder,133,0,0,0,1,0,16,0,16,0
proaccount-rest,inc.nimbuspay.proaccountrest.transaction.response.generated.financialresponsev03,Response8Code,6,45,0,0,2,8,2,1,2,1
proaccount-rest,inc.nimbuspay.proaccountrest.transaction.response.generated.financialresponsev03,TransactionIdentification51.TransactionIdentification51Builder,108,0,0,0,1,0,14,0,14,0
proaccount-rest,inc.nimbuspay.proaccountrest.transaction.response.generated.financialresponsev03,FinancialResponseV03,139,35,30,0,2,5,20,8,5,8
proaccount-rest,inc.nimbuspay.proaccountrest.transaction.response.generated.financialresponsev03,RiskInputData1.RiskInputData1Builder,27,0,0,0,1,0,5,0,5,0
proaccount-rest,inc.nimbuspay.proaccountrest.transaction.response.generated.financialresponsev03,DetailedAmount22.DetailedAmount22Builder,76,0,0,0,1,0,10,0,10,0
proaccount-rest,inc.nimbuspay.proaccountrest.transaction.response.generated.financialresponsev03,AdditionalFee2.AdditionalFee2Builder,85,0,0,0,1,0,11,0,11,0
proaccount-rest,inc.nimbuspay.proaccountrest.transaction.response.generated.financialresponsev03,InterestRateDetails2,217,0,38,0,8,0,34,0,15,0
proaccount-rest,inc.nimbuspay.proaccountrest.transaction.response.generated.financialresponsev03,Verification3Code,69,0,0,0,13,0,3,0,3,0
proaccount-rest,inc.nimbuspay.proaccountrest.transaction.response.generated.financialresponsev03,AdditionalService2,260,0,46,0,9,0,40,0,17,0
proaccount-rest,inc.nimbuspay.proaccountrest.transaction.response.generated.financialresponsev03,ProcessingResult10.ProcessingResult10Builder,47,0,0,0,1,0,7,0,7,0
proaccount-rest,inc.nimbuspay.proaccountrest.transaction.response.generated.financialresponsev03,Instalment4,130,0,22,0,6,0,22,0,11,0
proaccount-rest,inc.nimbuspay.proaccountrest.transaction.response.generated.financialresponsev03,Frequency12Code,57,0,0,0,11,0,3,0,3,0
proaccount-rest,inc.nimbuspay.proaccountrest.transaction.response.generated.financialresponsev03,TypeOfAmount21Code,57,0,0,0,11,0,3,0,3,0
proaccount-rest,inc.nimbuspay.proaccountrest.transaction.response.generated.financialresponsev03,IssuerAndSerialNumber1.IssuerAndSerialNumber1Builder,29,0,0,0,1,0,5,0,5,0
proaccount-rest,inc.nimbuspay.proaccountrest.transaction.response.generated.financialresponsev03,ErrorDetails2.ErrorDetails2Builder,56,0,0,0,1,0,8,0,8,0
proaccount-rest,inc.nimbuspay.proaccountrest.transaction.response.generated.financialresponsev03,AdditionalInformation20.AdditionalInformation20Builder,84,0,0,0,1,0,11,0,11,0
proaccount-rest,inc.nimbuspay.proaccountrest.transaction.response.generated.financialresponsev03,QRCodePresentmentMode1Code,6,27,0,0,2,5,2,1,2,1
proaccount-rest,inc.nimbuspay.proaccountrest.transaction.response.generated.financialresponsev03,SettlementService4.SettlementService4Builder,49,0,0,0,1,0,7,0,7,0
proaccount-rest,inc.nimbuspay.proaccountrest.transaction.response.generated.financialresponsev03,TransactionLifeCycleIdentification1,257,0,46,0,9,0,40,0,17,0
proaccount-rest,inc.nimbuspay.proaccountrest.transaction.response.generated.financialresponsev03,Action13.Action13Builder,58,0,0,0,1,0,8,0,8,0
proaccount-rest,inc.nimbuspay.proaccountrest.transaction.response.generated.financialresponsev03,ECommerceData1.ECommerceData1Builder,27,0,0,0,1,0,5,0,5,0
proaccount-rest,inc.nimbuspay.proaccountrest.transaction.response.generated.financialresponsev03,OriginalTransactionAmount2,218,0,38,0,8,0,34,0,15,0
proaccount-rest,inc.nimbuspay.proaccountrest.transaction.response.generated.financialresponsev03,KEKIdentifier2.KEKIdentifier2Builder,47,0,0,0,1,0,7,0,7,0
proaccount-rest,inc.nimbuspay.proaccountrest.transaction.response.generated.financialresponsev03,RiskAssessmentDataEntityProvider1,129,0,22,0,6,0,22,0,11,0
proaccount-rest,inc.nimbuspay.proaccountrest.transaction.response.generated.financialresponsev03,AddendumData4.AddendumData4Builder,39,0,0,0,1,0,6,0,6,0
proaccount-rest,inc.nimbuspay.proaccountrest.transaction.response.generated.financialresponsev03,DisputeReference1,173,0,30,0,7,0,28,0,13,0
proaccount-rest,inc.nimbuspay.proaccountrest.transaction.response.generated.financialresponsev03,EncryptedDataElement1,259,0,46,0,9,0,40,0,17,0
proaccount-rest,inc.nimbuspay.proaccountrest.transaction.response.generated.financialresponsev03,Contact1.Contact1Builder,90,0,0,0,1,0,12,0,12,0
proaccount-rest,inc.nimbuspay.proaccountrest.transaction.response.generated.financialresponsev03,PartyType18Code,6,27,0,0,2,5,2,1,2,1
proaccount-rest,inc.nimbuspay.proaccountrest.transaction.response.generated.financialresponsev03,GenericIdentification183.GenericIdentification183Builder,65,0,0,0,1,0,9,0,9,0
proaccount-rest,inc.nimbuspay.proaccountrest.transaction.response.generated.financialresponsev03,Amount15.Amount15Builder,56,0,0,0,1,0,8,0,8,0
proaccount-rest,inc.nimbuspay.proaccountrest.transaction.response.generated.financialresponsev03,ECommerceData1,128,0,22,0,6,0,22,0,11,0
proaccount-rest,inc.nimbuspay.proaccountrest.transaction.response.generated.financialresponsev03,OriginalTransactionAmount2.OriginalTransactionAmount2Builder,49,0,0,0,1,0,7,0,7,0
proaccount-rest,inc.nimbuspay.proaccountrest.transaction.response.generated.financialresponsev03,Parameter7,115,0,16,0,6,0,19,0,11,0
proaccount-rest,inc.nimbuspay.proaccountrest.transaction.response.generated.financialresponsev03,Jurisdiction2,128,0,22,0,6,0,22,0,11,0
proaccount-rest,inc.nimbuspay.proaccountrest.transaction.response.generated.financialresponsev03,SpecialProgrammeDetails1.SpecialProgrammeDetails1Builder,27,0,0,0,1,0,5,0,5,0
proaccount-rest,inc.nimbuspay.proaccountrest.transaction.response.generated.financialresponsev03,KeyTransport6.KeyTransport6Builder,49,0,0,0,1,0,7,0,7,0
proaccount-rest,inc.nimbuspay.proaccountrest.transaction.response.generated.financialresponsev03,DisputeData3,388,0,70,0,12,0,58,0,23,0
proaccount-rest,inc.nimbuspay.proaccountrest.transaction.response.generated.financialresponsev03,CardholderName2,214,0,38,0,8,0,34,0,15,0
proaccount-rest,inc.nimbuspay.proaccountrest.transaction.response.generated.financialresponsev03,CardholderName3,214,0,38,0,8,0,34,0,15,0
proaccount-rest,inc.nimbuspay.proaccountrest.transaction.response.generated.financialresponsev03,SpecialConditions1.SpecialConditions1Builder,27,0,0,0,1,0,5,0,5,0
proaccount-rest,inc.nimbuspay.proaccountrest.transaction.response.generated.financialresponsev03,Wallet2,875,0,158,0,23,0,124,0,45,0
proaccount-rest,inc.nimbuspay.proaccountrest.transaction.response.generated.financialresponsev03,InstalmentPeriod1Code,21,0,0,0,5,0,3,0,3,0
proaccount-rest,inc.nimbuspay.proaccountrest.transaction.response.generated.financialresponsev03,RelativeDistinguishedName1.RelativeDistinguishedName1Builder,28,0,0,0,1,0,5,0,5,0
proaccount-rest,inc.nimbuspay.proaccountrest.transaction.response.generated.financialresponsev03,AccountDetails3,171,0,30,0,7,0,28,0,13,0
proaccount-rest,inc.nimbuspay.proaccountrest.transaction.response.generated.financialresponsev03,Amount17,173,0,30,0,7,0,28,0,13,0
proaccount-rest,inc.nimbuspay.proaccountrest.transaction.response.generated.financialresponsev03,CardholderName3.CardholderName3Builder,45,0,0,0,1,0,7,0,7,0
proaccount-rest,inc.nimbuspay.proaccountrest.transaction.response.generated.financialresponsev03,Amount15,259,0,46,0,9,0,40,0,17,0
proaccount-rest,inc.nimbuspay.proaccountrest.transaction.response.generated.financialresponsev03,Amount16,130,0,22,0,6,0,22,0,11,0
proaccount-rest,inc.nimbuspay.proaccountrest.transaction.response.generated.financialresponsev03,RiskAssessment2.RiskAssessment2Builder,74,0,0,0,1,0,10,0,10,0
proaccount-rest,inc.nimbuspay.proaccountrest.transaction.response.generated.financialresponsev03,Address2.Address2Builder,108,0,0,0,1,0,14,0,14,0
proaccount-rest,inc.nimbuspay.proaccountrest.transaction.response.generated.financialresponsev03,Algorithm13Code,91,0,4,0,16,0,6,0,4,0
proaccount-rest,inc.nimbuspay.proaccountrest.transaction.response.generated.financialresponsev03,Parameter14.Parameter14Builder,39,0,0,0,1,0,6,0,6,0
proaccount-rest,inc.nimbuspay.proaccountrest.transaction.response.generated.financialresponsev03,EncryptedData1Choice,114,0,16,0,6,0,19,0,11,0
proaccount-rest,inc.nimbuspay.proaccountrest.transaction.response.generated.financialresponsev03,CardholderName2.CardholderName2Builder,45,0,0,0,1,0,7,0,7,0
proaccount-rest,inc.nimbuspay.proaccountrest.transaction.response.generated.financialresponsev03,Plan2,784,0,142,0,21,0,112,0,41,0
proaccount-rest,inc.nimbuspay.proaccountrest.transaction.response.generated.financialresponsev03,FleetLineItem3,421,0,74,0,13,0,62,0,25,0
proaccount-rest,inc.nimbuspay.proaccountrest.transaction.response.generated.financialresponsev03,Environment26.Environment26Builder,69,0,0,0,1,0,9,0,9,0
proaccount-rest,inc.nimbuspay.proaccountrest.transaction.response.generated.financialresponsev03,KEK6,203,0,32,0,8,0,31,0,15,0
proaccount-rest,inc.nimbuspay.proaccountrest.transaction.response.generated.financialresponsev03,Content1,157,0,24,0,7,0,25,0,13,0
proaccount-rest,inc.nimbuspay.proaccountrest.transaction.response.generated.financialresponsev03,SupplementaryData1,129,0,22,0,6,0,22,0,11,0
proaccount-rest,inc.nimbuspay.proaccountrest.transaction.response.generated.financialresponsev03,CardProgrammeMode3.CardProgrammeMode3Builder,37,0,0,0,1,0,6,0,6,0
proaccount-rest,inc.nimbuspay.proaccountrest.transaction.response.generated.financialresponsev03,CardData9.CardData9Builder,145,0,0,0,1,0,18,0,18,0
proaccount-rest,inc.nimbuspay.proaccountrest.transaction.response.generated.financialresponsev03,AlgorithmIdentification28.AlgorithmIdentification28Builder,29,0,0,0,1,0,5,0,5,0
proaccount-rest,inc.nimbuspay.proaccountrest.transaction.response.generated.financialresponsev03,ProcessingResult10,216,0,38,0,8,0,34,0,15,0
proaccount-rest,inc.nimbuspay.proaccountrest.transaction.response.generated.financialresponsev03,Header62,315,31,62,0,9,2,44,8,13,8
proaccount-rest,inc.nimbuspay.proaccountrest.transaction.response.generated.financialresponsev03,ProtectedData1.ProtectedData1Builder,39,0,0,0,1,0,6,0,6,0
proaccount-rest,inc.nimbuspay.proaccountrest.transaction.response.generated.financialresponsev03,Verification4.Verification4Builder,45,0,0,0,1,0,7,0,7,0
proaccount-rest,inc.nimbuspay.proaccountrest.transaction.response.generated.financialresponsev03,Token2,518,0,94,0,15,0,76,0,29,0
proaccount-rest,inc.nimbuspay.proaccountrest.transaction.response.generated.financialresponsev03,Balance28,346,0,62,0,11,0,52,0,21,0
proaccount-rest,inc.nimbuspay.proaccountrest.transaction.response.generated.financialresponsev03,AdditionalData1,128,0,22,0,6,0,22,0,11,0
proaccount-rest,inc.nimbuspay.proaccountrest.transaction.response.generated.financialresponsev03,Balance28.Balance28Builder,75,0,0,0,1,0,10,0,10,0
proaccount-rest,inc.nimbuspay.proaccountrest.transaction.response.generated.financialresponsev03,EncryptedContent5,174,0,30,0,7,0,28,0,13,0
proaccount-rest,inc.nimbuspay.proaccountrest.transaction.response.generated.financialresponsev03,AdditionalFee2,390,0,70,0,12,0,58,0,23,0
proaccount-rest,inc.nimbuspay.proaccountrest.transaction.response.generated.financialresponsev03,BytePadding1Code,77,0,4,0,14,0,6,0,4,0
proaccount-rest,inc.nimbuspay.proaccountrest.transaction.response.generated.financialresponsev03,Amount17.Amount17Builder,38,0,0,0,1,0,6,0,6,0
proaccount-rest,inc.nimbuspay.proaccountrest.transaction.response.generated.financialresponsev03,OriginalDataElements2.OriginalDataElements2Builder,175,0,0,0,1,0,21,0,21,0
proaccount-rest,inc.nimbuspay.proaccountrest.transaction.response.generated.financialresponsev03,Context13.Context13Builder,49,0,0,0,1,0,7,0,7,0
proaccount-rest,inc.nimbuspay.proaccountrest.transaction.response.generated.financialresponsev03,DetailedAmount22,347,0,62,0,11,0,52,0,21,0
proaccount-rest,inc.nimbuspay.proaccountrest.transaction.response.generated.financialresponsev03,ActionType8Code,69,0,0,0,13,0,3,0,3,0
proaccount-rest,inc.nimbuspay.proaccountrest.transaction.response.generated.financialresponsev03,EncryptedDataElement1.EncryptedDataElement1Builder,56,0,0,0,1,0,8,0,8,0
proaccount-rest,inc.nimbuspay.proaccountrest.transaction.response.generated.financialresponsev03,DisputeData3.DisputeData3Builder,83,0,0,0,1,0,11,0,11,0
proaccount-rest,inc.nimbuspay.proaccountrest.transaction.response.generated.financialresponsev03,AdditionalData1.AdditionalData1Builder,27,0,0,0,1,0,5,0,5,0
proaccount-rest,inc.nimbuspay.proaccountrest.transaction.response.generated.financialresponsev03,Recipient7Choice.Recipient7ChoiceBuilder,39,0,0,0,1,0,6,0,6,0
proaccount-rest,inc.nimbuspay.proaccountrest.transaction.response.generated.financialresponsev03,FeeAmount3,303,0,54,0,10,0,46,0,19,0
proaccount-rest,inc.nimbuspay.proaccountrest.transaction.response.generated.financialresponsev03,GracePeriodUnitType1Code,45,0,0,0,9,0,3,0,3,0
proaccount-rest,inc.nimbuspay.proaccountrest.transaction.response.generated.financialresponsev03,Cardholder19.Cardholder19Builder,87,0,0,0,1,0,11,0,11,0
proaccount-rest,inc.nimbuspay.proaccountrest.transaction.response.generated.financialresponsev03,TransactionAmount1.TransactionAmount1Builder,28,0,0,0,1,0,5,0,5,0
proaccount-rest,inc.nimbuspay.proaccountrest.transaction.response.generated.financialresponsev03,PartyType17Code,6,45,0,0,2,8,2,1,2,1
proaccount-rest,inc.nimbuspay.proaccountrest.transaction.response.generated.financialresponsev03,SettlementServiceMode1,215,0,38,0,8,0,34,0,15,0
proaccount-rest,inc.nimbuspay.proaccountrest.transaction.response.generated.financialresponsev03,IssuerAndSerialNumber1,115,0,16,0,6,0,19,0,11,0
proaccount-rest,inc.nimbuspay.proaccountrest.transaction.response.generated.financialresponsev03,EncryptedData1Choice.EncryptedData1ChoiceBuilder,28,0,0,0,1,0,5,0,5,0
proaccount-rest,inc.nimbuspay.proaccountrest.transaction.response.generated.financialresponsev03,CardDataReading9Code,75,0,0,0,14,0,3,0,3,0
proaccount-rest,inc.nimbuspay.proaccountrest.transaction.response.generated.financialresponsev03,BatchManagementInformation1,200,0,32,0,8,0,31,0,15,0
proaccount-rest,inc.nimbuspay.proaccountrest.transaction.response.generated.financialresponsev03,LifeCycleSupport1Code,21,0,0,0,5,0,3,0,3,0
proaccount-rest,inc.nimbuspay.proaccountrest.transaction.response.generated.financialresponsev03,Credentials2,259,0,46,0,9,0,40,0,17,0
proaccount-rest,inc.nimbuspay.proaccountrest.transaction.response.generated.financialresponsev03,PointOfServiceContext4.PointOfServiceContext4Builder,184,0,0,0,1,0,22,0,22,0
proaccount-rest,inc.nimbuspay.proaccountrest.transaction.response.generated.financialresponsev03,EncryptionFormat3Code,70,0,4,0,13,0,6,0,4,0
proaccount-rest,inc.nimbuspay.proaccountrest.transaction.response.generated.financialresponsev03,OriginalDataElements2,820,0,150,0,22,0,118,0,43,0
proaccount-rest,inc.nimbuspay.proaccountrest.transaction.response.generated.financialresponsev03,AccountBalance2.AccountBalance2Builder,28,0,0,0,1,0,5,0,5,0
proaccount-rest,inc.nimbuspay.proaccountrest.transaction.response.generated.financialresponsev03,TransactionIdentification51,515,0,94,0,15,0,76,0,29,0
proaccount-rest,inc.nimbuspay.proaccountrest.transaction.response.generated.financialresponsev03,Address3.Address3Builder,90,0,0,0,1,0,12,0,12,0
proaccount-rest,inc.nimbuspay.proaccountrest.transaction.response.generated.financialresponsev03,StorageLocation1Code,51,0,0,0,10,0,3,0,3,0
proaccount-rest,inc.nimbuspay.proaccountrest.transaction.response.generated.financialresponsev03,Frequency18Code,63,0,0,0,12,0,3,0,3,0
proaccount-rest,inc.nimbuspay.proaccountrest.transaction.response.generated.financialresponsev03,PartyType22Code,39,0,0,0,8,0,3,0,3,0
proaccount-rest,inc.nimbuspay.proaccountrest.transaction.response.generated.financialresponsev03,Traceability9,172,0,30,0,7,0,28,0,13,0
proaccount-rest,inc.nimbuspay.proaccountrest.transaction.response.generated.financialresponsev03,SettlementReportingEntity1,128,0,22,0,6,0,22,0,11,0
proaccount-rest,inc.nimbuspay.proaccountrest.transaction.response.generated.financialresponsev03,ProtectionMethod1Code,45,0,0,0,9,0,3,0,3,0
proaccount-rest,inc.nimbuspay.proaccountrest.transaction.response.generated.financialresponsev03,PointOfServiceContext4,784,79,158,0,21,2,104,20,25,20
proaccount-rest,inc.nimbuspay.proaccountrest.transaction.response.generated.financialresponsev03,ApprovalEntity2.ApprovalEntity2Builder,65,0,0,0,1,0,9,0,9,0
proaccount-rest,inc.nimbuspay.proaccountrest.transaction.response.generated.financialresponsev03,Transaction143,553,55,110,0,15,2,74,14,19,14
proaccount-rest,inc.nimbuspay.proaccountrest.transaction.response.generated.financialresponsev03,InterestRateDetails2.InterestRateDetails2Builder,48,0,0,0,1,0,7,0,7,0
proaccount-rest,inc.nimbuspay.proaccountrest.transaction.response.generated.financialresponsev03,RiskInputData1,128,0,22,0,6,0,22,0,11,0
proaccount-rest,inc.nimbuspay.proaccountrest.transaction.response.generated.financialresponsev03,VerificationResult2,303,0,54,0,10,0,46,0,19,0
proaccount-rest,inc.nimbuspay.proaccountrest.transaction.response.generated.financialresponsev03,Header62.Header62Builder,75,0,0,0,1,0,10,0,10,0
proaccount-rest,inc.nimbuspay.proaccountrest.transaction.response.generated.financialresponsev03,TransactionAttribute2Code,6,111,0,0,2,19,2,1,2,1
proaccount-rest,inc.nimbuspay.proaccountrest.transaction.response.generated.financialresponsev03,Recipient7Choice,174,0,30,0,7,0,28,0,13,0
proaccount-rest,inc.nimbuspay.proaccountrest.transaction.response.generated.financialresponsev03,OutputFormat4Code,57,0,0,0,11,0,3,0,3,0
proaccount-rest,inc.nimbuspay.proaccountrest.transaction.response.generated.financialresponsev03,MessageClass1Code,63,0,0,0,12,0,3,0,3,0
proaccount-rest,inc.nimbuspay.proaccountrest.transaction.response.generated.financialresponsev03,AdditionalService2.AdditionalService2Builder,57,0,0,0,1,0,8,0,8,0
proaccount-rest,inc.nimbuspay.proaccountrest.transaction.response.generated.financialresponsev03,LocalData7.LocalData7Builder,48,0,0,0,1,0,7,0,7,0
proaccount-rest,inc.nimbuspay.proaccountrest.transaction.response.generated.financialresponsev03,EnvelopedData6.EnvelopedData6Builder,39,0,0,0,1,0,6,0,6,0
proaccount-rest,inc.nimbuspay.proaccountrest.transaction.response.generated.financialresponsev03,AdditionalAmounts3,259,0,46,0,9,0,40,0,17,0
proaccount-rest,inc.nimbuspay.proaccountrest.transaction.response.generated.financialresponsev03,ErrorDetails2,259,0,46,0,9,0,40,0,17,0
proaccount-rest,inc.nimbuspay.proaccountrest.transaction.response.generated.financialresponsev03,DisputeIdentification1.DisputeIdentification1Builder,27,0,0,0,1,0,5,0,5,0
proaccount-rest,inc.nimbuspay.proaccountrest.transaction.response.generated.financialresponsev03,FleetData5.FleetData5Builder,19,0,0,0,1,0,4,0,4,0
proaccount-rest,inc.nimbuspay.proaccountrest.transaction.response.generated.financialresponsev03,TransactionAmounts2.TransactionAmounts2Builder,29,0,0,0,1,0,5,0,5,0
proaccount-rest,inc.nimbuspay.proaccountrest.transaction.response.generated.financialresponsev03,RiskAssessment1Code,33,0,0,0,7,0,3,0,3,0
proaccount-rest,inc.nimbuspay.proaccountrest.transaction.response.generated.financialresponsev03,GenericIdentification183,275,27,54,0,8,2,39,7,12,7
proaccount-rest,inc.nimbuspay.proaccountrest.transaction.response.generated.financialresponsev03,UnitOfMeasure1Code,219,0,0,0,38,0,3,0,3,0
proaccount-rest,inc.nimbuspay.proaccountrest.transaction.response.generated.financialresponsev03,AdditionalServiceType2Code,69,0,0,0,13,0,3,0,3,0
proaccount-rest,inc.nimbuspay.proaccountrest.transaction.response.generated.financialresponsev03,PartyType9Code,45,0,0,0,9,0,3,0,3,0
proaccount-rest,inc.nimbuspay.proaccountrest.transaction.response.generated.financialresponsev03,EncryptedData1,473,0,86,0,14,0,70,0,27,0
proaccount-rest,inc.nimbuspay.proaccountrest.transaction.response.generated.financialresponsev03,CertificateIssuer1.CertificateIssuer1Builder,19,0,0,0,1,0,4,0,4,0
proaccount-rest,inc.nimbuspay.proaccountrest.transaction.response.generated.financialresponsev03,PartyType32Code,39,0,0,0,8,0,3,0,3,0
proaccount-rest,inc.nimbuspay.proaccountrest.transaction.response.generated.financialresponsev03,EnvelopedData6,174,0,30,0,7,0,28,0,13,0
proaccount-rest,inc.nimbuspay.proaccountrest.transaction.response.generated.financialresponsev03,SettlementServiceDate2.SettlementServiceDate2Builder,63,0,0,0,1,0,9,0,9,0
proaccount-rest,inc.nimbuspay.proaccountrest.transaction.response.generated.financialresponsev03,TransactionAmount1,129,0,22,0,6,0,22,0,11,0
proaccount-rest,inc.nimbuspay.proaccountrest.transaction.response.generated.financialresponsev03,TerminalIdentification3.TerminalIdentification3Builder,45,0,0,0,1,0,7,0,7,0
proaccount-rest,inc.nimbuspay.proaccountrest.transaction.response.generated.financialresponsev03,RiskAssessment2,345,0,62,0,11,0,52,0,21,0
proaccount-rest,inc.nimbuspay.proaccountrest.transaction.response.generated.financialresponsev03,Instalment4.Instalment4Builder,29,0,0,0,1,0,5,0,5,0
proaccount-rest,inc.nimbuspay.proaccountrest.transaction.response.generated.financialresponsev03,AlgorithmIdentification28,130,0,22,0,6,0,22,0,11,0
proaccount-rest,inc.nimbuspay.proaccountrest.transaction.response.generated.financialresponsev03,PartyIdentification200.PartyIdentification200Builder,65,0,0,0,1,0,9,0,9,0
proaccount-rest,inc.nimbuspay.proaccountrest.transaction.response.generated.financialresponsev03,AlgorithmIdentification27,130,0,22,0,6,0,22,0,11,0
proaccount-rest,inc.nimbuspay.proaccountrest.transaction.response.generated.financialresponsev03,AlgorithmIdentification26,130,0,22,0,6,0,22,0,11,0
proaccount-rest,inc.nimbuspay.proaccountrest.transaction.response.generated.financialresponsev03,AlgorithmIdentification25,130,0,22,0,6,0,22,0,11,0
proaccount-rest,inc.nimbuspay.proaccountrest.transaction.response.generated.financialresponsev03,KeyTransport6,203,0,32,0,8,0,31,0,15,0
proaccount-rest,inc.nimbuspay.proaccountrest.transaction.response.generated.financialresponsev03,AddendumData4,174,0,30,0,7,0,28,0,13,0
proaccount-rest,inc.nimbuspay.proaccountrest.transaction.response.generated.financialresponsev03,Token2.Token2Builder,111,0,0,0,1,0,14,0,14,0
proaccount-rest,inc.nimbuspay.proaccountrest.transaction.response.generated.financialresponsev03,Recipient5Choice.Recipient5ChoiceBuilder,29,0,0,0,1,0,5,0,5,0
proaccount-rest,inc.nimbuspay.proaccountrest.transaction.response.generated.financialresponsev03,Contact1,429,0,78,0,13,0,64,0,25,0
proaccount-rest,inc.nimbuspay.proaccountrest.transaction.response.generated.financialresponsev03,TransactionContext8,475,0,86,0,14,0,70,0,27,0
proaccount-rest,inc.nimbuspay.proaccountrest.transaction.response.generated.financialresponsev03,Contact6,515,0,94,0,15,0,76,0,29,0
proaccount-rest,inc.nimbuspay.proaccountrest.transaction.response.generated.financialresponsev03,SpecialProgrammeQualification1.SpecialProgrammeQualification1Builder,28,0,0,0,1,0,5,0,5,0
proaccount-rest,inc.nimbuspay.proaccountrest.transaction.response.generated.financialresponsev03,PartyIdentification258.PartyIdentification258Builder,74,0,0,0,1,0,10,0,10,0
proaccount-rest,inc.nimbuspay.proaccountrest.transaction.response.generated.financialresponsev03,RelativeDistinguishedName1,129,0,22,0,6,0,22,0,11,0
proaccount-rest,inc.nimbuspay.proaccountrest.transaction.response.generated.financialresponsev03,LocalData1,215,0,38,0,8,0,34,0,15,0
proaccount-rest,inc.nimbuspay.proaccountrest.transaction.response.generated.financialresponsev03,ProtectedData1,174,0,30,0,7,0,28,0,13,0
proaccount-rest,inc.nimbuspay.proaccountrest.transaction.response.generated.financialresponsev03,LocalData7,217,0,38,0,8,0,34,0,15,0
proaccount-rest,inc.nimbuspay.proaccountrest.transaction.response.generated.financialresponsev03,Address2,515,0,94,0,15,0,76,0,29,0
proaccount-rest,inc.nimbuspay.proaccountrest.transaction.response.generated.financialresponsev03,Address3,429,0,78,0,13,0,64,0,25,0
proaccount-rest,inc.nimbuspay.proaccountrest.transaction.response.generated.financialresponsev03,LocalData1.LocalData1Builder,46,0,0,0,1,0,7,0,7,0
proaccount-rest,inc.nimbuspay.proaccountrest.transaction.response.generated.financialresponsev03,SettlementServiceMode1.SettlementServiceMode1Builder,46,0,0,0,1,0,7,0,7,0
proaccount-rest,inc.nimbuspay.proaccountrest.transaction.response.generated.financialresponsev03,Terminal6,86,0,14,0,5,0,16,0,9,0
proaccount-rest,inc.nimbuspay.proaccountrest.transaction.response.generated.financialresponsev03,TransactionAmounts2,130,0,22,0,6,0,22,0,11,0
proaccount-rest,inc.nimbuspay.proaccountrest.transaction.response.generated.financialresponsev03,DisputeReference1.DisputeReference1Builder,38,0,0,0,1,0,6,0,6,0
proaccount-rest,inc.nimbuspay.proaccountrest.transaction.response.generated.financialresponsev03,Priority3Code,27,0,0,0,6,0,3,0,3,0
proaccount-rest,inc.nimbuspay.proaccountrest.transaction.response.generated.financialresponsev03,AdditionalRiskData1,128,0,22,0,6,0,22,0,11,0
proaccount-rest,inc.nimbuspay.proaccountrest.transaction.response.generated.financialresponsev03,Action13,261,0,46,0,9,0,40,0,17,0
proaccount-rest,inc.nimbuspay.proaccountrest.transaction.response.generated.financialresponsev03,SettlementService4,218,0,38,0,8,0,34,0,15,0
proaccount-rest,inc.nimbuspay.proaccountrest.transaction.response.generated.financialresponsev03,SpecialConditions1,128,0,22,0,6,0,22,0,11,0
proaccount-rest,inc.nimbuspay.proaccountrest.transaction.response.generated.financialresponsev03,Cardholder19,392,0,70,0,12,0,58,0,23,0
proaccount-rest,inc.nimbuspay.proaccountrest.transaction.response.generated.financialresponsev03,ApprovalEntity2,302,0,54,0,10,0,46,0,19,0
proaccount-rest,inc.nimbuspay.proaccountrest.transaction.response.generated.financialresponsev03,Document,86,0,14,0,5,0,16,0,9,0
proaccount-rest,inc.nimbuspay.proaccountrest.transaction.response.generated.financialresponsev03,MOTO1Code,6,21,0,0,2,4,2,1,2,1
proaccount-rest,inc.nimbuspay.proaccountrest.transaction.response.generated.financialresponsev03,ActionDestination1Code,45,0,0,0,9,0,3,0,3,0
proaccount-rest,inc.nimbuspay.proaccountrest.transaction.response.generated.financialresponsev03,Algorithm20Code,63,0,4,0,12,0,6,0,4,0
proaccount-rest,inc.nimbuspay.proaccountrest.transaction.response.generated.financialresponsev03,EncryptedDataFormat1Code,45,0,0,0,9,0,3,0,3,0
proaccount-rest,inc.nimbuspay.proaccountrest.transaction.response.generated.financialresponsev03,FleetData5,86,0,14,0,5,0,16,0,9,0
proaccount-rest,inc.nimbuspay.proaccountrest.transaction.response.generated.financialresponsev03,ActionType11Code,81,0,0,0,15,0,3,0,3,0
proaccount-rest,inc.nimbuspay.proaccountrest.transaction.response.generated.financialresponsev03,PartyType26Code,57,0,0,0,11,0,3,0,3,0
proaccount-rest,inc.nimbuspay.proaccountrest.transaction.response.generated.financialresponsev03,RiskAssessmentDataEntityProvider1.RiskAssessmentDataEntityProvider1Builder,28,0,0,0,1,0,5,0,5,0
proaccount-rest,inc.nimbuspay.proaccountrest.transaction.response.generated.financialresponsev03,CertificateIssuer1,86,0,14,0,5,0,16,0,9,0
proaccount-rest,inc.nimbuspay.proaccountrest.transaction.response.generated.financialresponsev03,AdditionalAction1.AdditionalAction1Builder,95,0,0,0,1,0,12,0,12,0
proaccount-rest,inc.nimbuspay.proaccountrest.transaction.response.generated.financialresponsev03,TerminalIdentification3,214,0,38,0,8,0,34,0,15,0
proaccount-rest,inc.nimbuspay.proaccountrest.transaction.response.generated.financialresponsev03,TransactionInitiator1Code,6,15,0,0,2,3,2,1,2,1
proaccount-rest,inc.nimbuspay.proaccountrest.transaction.response.generated.financialresponsev03,Context13,199,19,38,0,6,2,29,5,10,5
proaccount-rest,inc.nimbuspay.proaccountrest.transaction.response.generated.financialresponsev03,AdditionalRiskData1.AdditionalRiskData1Builder,27,0,0,0,1,0,5,0,5,0
proaccount-rest,inc.nimbuspay.proaccountrest.transaction.response.generated.financialresponsev03,ContentInformationType20,129,0,22,0,6,0,22,0,11,0
proaccount-rest,inc.nimbuspay.proaccountrest.transaction.response.generated.financialresponsev03,VerificationEntity2Code,57,0,0,0,11,0,3,0,3,0
proaccount-rest,inc.nimbuspay.proaccountrest.transaction.response.generated.financialresponsev03,SettlementServiceDate2,300,0,54,0,10,0,46,0,19,0
proaccount-rest,inc.nimbuspay.proaccountrest.transaction.response.generated.financialresponsev03,MessageError1Code,117,0,0,0,21,0,3,0,3,0
proaccount-rest,inc.nimbuspay.proaccountrest.transaction.response.generated.financialresponsev03,PlanOwner1Code,39,0,0,0,8,0,3,0,3,0
proaccount-rest,inc.nimbuspay.proaccountrest.transaction.response.generated.financialresponsev03,MACData1,429,0,78,0,13,0,64,0,25,0
proaccount-rest,inc.nimbuspay.proaccountrest.transaction.response.generated.financialresponsev03,Document.DocumentBuilder,19,0,0,0,1,0,4,0,4,0
proaccount-rest,inc.nimbuspay.proaccountrest.transaction.response.generated.financialresponsev03,Contact6.Contact6Builder,108,0,0,0,1,0,14,0,14,0
proaccount-rest,inc.nimbuspay.proaccountrest.transaction.response.generated.financialresponsev03,ResultData7.ResultData7Builder,65,0,0,0,1,0,9,0,9,0
proaccount-rest,inc.nimbuspay.proaccountrest.transaction.response.generated.financialresponsev03,Content1.Content1Builder,37,0,0,0,1,0,6,0,6,0
proaccount-rest,inc.nimbuspay.proaccountrest.transaction.response.generated.financialresponsev03,EncryptedContent5.EncryptedContent5Builder,39,0,0,0,1,0,6,0,6,0
proaccount-rest,inc.nimbuspay.proaccountrest.transaction.response.generated.financialresponsev03,PartyType20Code,39,0,0,0,8,0,3,0,3,0
proaccount-rest,inc.nimbuspay.proaccountrest.transaction.response.generated.financialresponsev03,DisputeIdentification1,128,0,22,0,6,0,22,0,11,0
proaccount-rest,inc.nimbuspay.proaccountrest.transaction.response.generated.financialresponsev03,AccountDetails3.AccountDetails3Builder,36,0,0,0,1,0,6,0,6,0
proaccount-rest,inc.nimbuspay.proaccountrest.transaction.response.generated.financialresponsev03,Authority1.Authority1Builder,63,0,0,0,1,0,9,0,9,0
proaccount-rest,inc.nimbuspay.proaccountrest.transaction.response.generated.financialresponsev03,Wallet2.Wallet2Builder,196,0,0,0,1,0,22,0,22,0
proaccount-rest,inc.nimbuspay.proaccountrest.transaction.response.generated.financialresponsev03,RiskContext2.RiskContext2Builder,29,0,0,0,1,0,5,0,5,0
proaccount-rest,inc.nimbuspay.proaccountrest.transaction.response.generated.financialresponsev03,ContentType3Code,21,0,0,0,5,0,3,0,3,0
proaccount-rest,inc.nimbuspay.proaccountrest.transaction.response.generated.financialresponsev03,AlgorithmIdentification26.AlgorithmIdentification26Builder,29,0,0,0,1,0,5,0,5,0
proaccount-rest,inc.nimbuspay.proaccountrest.transaction.response.generated.financialresponsev03,PartyIdentification263.PartyIdentification263Builder,74,0,0,0,1,0,10,0,10,0
proaccount-rest,inc.nimbuspay.proaccountrest.transaction.response.generated.financialresponsev03,CardData9,688,0,126,0,19,0,100,0,37,0
proaccount-rest,inc.nimbuspay.proaccountrest.transaction.response.generated.financialresponsev03,InstalmentAmountDetailsType2Code,81,0,0,0,15,0,3,0,3,0
proaccount-rest,inc.nimbuspay.proaccountrest.transaction.response.generated.financialresponsev03,RiskContext2,130,0,22,0,6,0,22,0,11,0
proaccount-rest,inc.nimbuspay.proaccountrest.transaction.response.generated.financialresponsev03,PartyType21Code,33,0,0,0,7,0,3,0,3,0
proaccount-rest,inc.nimbuspay.proaccountrest.transaction.response.generated.financialresponsev03,AdditionalAmounts3.AdditionalAmounts3Builder,56,0,0,0,1,0,8,0,8,0
proaccount-rest,inc.nimbuspay.proaccountrest.transaction.response.generated.financialresponsev03,AccountBalance2,129,0,22,0,6,0,22,0,11,0
proaccount-rest,inc.nimbuspay.proaccountrest.transaction.response.generated.financialresponsev03,Jurisdiction2.Jurisdiction2Builder,27,0,0,0,1,0,5,0,5,0
proaccount-rest,inc.nimbuspay.proaccountrest.transaction.response.generated.financialresponsev03,SettlementReportingEntity1.SettlementReportingEntity1Builder,27,0,0,0,1,0,5,0,5,0
proaccount-rest,inc.nimbuspay.proaccountrest.transaction.response.generated.financialresponsev03,SpecialProgrammeQualification1,129,0,22,0,6,0,22,0,11,0
proaccount-rest,inc.nimbuspay.proaccountrest.transaction.response.generated.financialresponsev03,FeeAmount3.FeeAmount3Builder,66,0,0,0,1,0,9,0,9,0
proaccount-rest,inc.nimbuspay.proaccountrest.transaction.response.generated.financialresponsev03,Parameter13.Parameter13Builder,29,0,0,0,1,0,5,0,5,0
proaccount-rest,inc.nimbuspay.proaccountrest.transaction.response.generated.financialresponsev03,Reconciliation3,171,0,30,0,7,0,28,0,13,0
proaccount-rest,inc.nimbuspay.proaccountrest.transaction.response.generated.financialresponsev03,SpecialProgrammeDetails1,128,0,22,0,6,0,22,0,11,0
proaccount-rest,inc.nimbuspay.proaccountrest.transaction.response.generated.financialresponsev03,Algorithm7Code,21,0,0,0,5,0,3,0,3,0
proaccount-rest,inc.nimbuspay.proaccountrest.transaction.response.generated.financialresponsev03,Terminal6.Terminal6Builder,19,0,0,0,1,0,4,0,4,0
proaccount-rest,inc.nimbuspay.proaccountrest.transaction.response.generated.financialresponsev03,InterestRate1Code,33,0,0,0,7,0,3,0,3,0
proaccount-rest,inc.nimbuspay.proaccountrest.transaction.response.generated.financialresponsev03,FinancialResponse2,238,23,46,0,7,2,34,6,11,6
proaccount-rest,inc.nimbuspay.proaccountrest.transaction.response.generated.financialresponsev03,Authority1,300,0,54,0,10,0,46,0,19,0
proaccount-rest,inc.nimbuspay.proaccountrest.transaction.response.generated.financialresponsev03,AttributeType1Code,39,0,0,0,8,0,3,0,3,0
proaccount-rest,inc.nimbuspay.proaccountrest.transaction.response.generated.financialresponsev03,BatchManagementInformation1.BatchManagementInformation1Builder,46,0,0,0,1,0,7,0,7,0
proaccount-rest,inc.nimbuspay.proaccountrest.transaction.response.generated.financialresponsev03,CreditDebit3Code,21,0,0,0,5,0,3,0,3,0
proaccount-rest,inc.nimbuspay.proaccountrest.transaction.response.generated.financialresponsev03,ResultData7,302,0,54,0,10,0,46,0,19,0
proaccount-rest,inc.nimbuspay.proaccountrest.transaction.response.generated.financialresponsev03,InstalmentAmountDetails2.InstalmentAmountDetails2Builder,57,0,0,0,1,0,8,0,8,0
proaccount-rest,inc.nimbuspay.proaccountrest.transaction.response.generated.financialresponsev03,FinancialResponseV03.FinancialResponseV03Builder,39,0,0,0,1,0,6,0,6,0
proaccount-rest,inc.nimbuspay.proaccountrest.transaction.response.generated.financialresponsev03,EncryptedData1.EncryptedData1Builder,100,0,0,0,1,0,13,0,13,0
proaccount-rest,inc.nimbuspay.proaccountrest.transaction.response.generated.financialresponsev03,AdditionalServiceResult1Code,39,0,0,0,8,0,3,0,3,0
proaccount-rest,inc.nimbuspay.proaccountrest.transaction.response.generated.financialresponsev03,KEKIdentifier2,201,0,32,0,8,0,31,0,15,0
proaccount-rest,inc.nimbuspay.proaccountrest.transaction.response.generated.financialresponsev03,CardDataReading10Code,6,87,0,0,2,15,2,1,2,1
proaccount-rest,inc.nimbuspay.proaccountrest.transaction.response.generated.financialresponsev03,KEKIdentifier6,201,0,32,0,8,0,31,0,15,0
proaccount-rest,inc.nimbuspay.proaccountrest.transaction.response.generated.financialresponsev03,MACData1.MACData1Builder,90,0,0,0,1,0,12,0,12,0
proaccount-rest,inc.nimbuspay.proaccountrest.transaction.response.generated.financialresponsev03,GracePeriod2,215,0,38,0,8,0,34,0,15,0
proaccount-rest,inc.nimbuspay.proaccountrest.transaction.response.generated.financialresponsev03,Amount16.Amount16Builder,29,0,0,0,1,0,5,0,5,0
proaccount-rest,inc.nimbuspay.proaccountrest.transaction.response.generated.financialresponsev03,SecurityCharacteristics1Code,6,111,0,0,2,19,2,1,2,1
proaccount-rest,inc.nimbuspay.proaccountrest.transaction.response.generated.financialresponsev03,Verification4,214,0,38,0,8,0,34,0,15,0
proaccount-rest,inc.nimbuspay.proaccountrest.transaction.response.generated.financialresponsev03,UserInterface6Code,63,0,0,0,12,0,3,0,3,0
proaccount-rest,inc.nimbuspay.proaccountrest.transaction.response.generated.financialresponsev03,Plan2.Plan2Builder,173,0,0,0,1,0,20,0,20,0
proaccount-rest,inc.nimbuspay.proaccountrest.transaction.response.generated.financialresponsev03,SupplementaryDataEnvelope1,86,0,14,0,5,0,16,0,9,0
proaccount-rest,inc.nimbuspay.proaccountrest.transaction.response.generated.financialresponsev03,SupplementaryDataEnvelope1.SupplementaryDataEnvelope1Builder,19,0,0,0,1,0,4,0,4,0
proaccount-rest,inc.nimbuspay.proaccountrest.transaction.response.generated.financialresponsev03,Algorithm8Code,49,0,4,0,10,0,6,0,4,0
proaccount-rest,inc.nimbuspay.proaccountrest.transaction.response.generated.financialresponsev03,Credentials2.Credentials2Builder,56,0,0,0,1,0,8,0,8,0
proaccount-rest,inc.nimbuspay.proaccountrest.transaction.response.generated.financialresponsev03,ActionType10Code,45,0,0,0,9,0,3,0,3,0
proaccount-rest,inc.nimbuspay.proaccountrest.transaction.response.generated.financialresponsev03,CardProgrammeMode3,172,0,30,0,7,0,28,0,13,0
proaccount-rest,inc.nimbuspay.proaccountrest.transaction.repository.objectmodel,TransactionDataManager,0,62,0,0,0,21,0,10,0,10
proaccount-rest,inc.nimbuspay.proaccountrest.transaction.service,TransactionLogService,0,110,0,0,0,33,0,5,0,5
proaccount-rest,inc.nimbuspay.proaccountrest.payment.controller,PaymentController,0,47,0,0,0,13,0,5,0,5
proaccount-rest,inc.nimbuspay.proaccountrest.transaction.service.serviceimpl,AcquirerToIssuerCardTransactionsServiceImpl,24,318,1,23,7,102,1,21,0,10
proaccount-rest,inc.nimbuspay.proaccountrest.transaction.request.generated.reversalinitiationv03,Contact6.Contact6Builder,108,0,0,0,1,0,14,0,14,0
proaccount-rest,inc.nimbuspay.proaccountrest.transaction.request.generated.reversalinitiationv03,AlgorithmIdentification28.AlgorithmIdentification28Builder,29,0,0,0,1,0,5,0,5,0
proaccount-rest,inc.nimbuspay.proaccountrest.transaction.request.generated.reversalinitiationv03,EncryptedData1Choice,114,0,16,0,6,0,19,0,11,0
proaccount-rest,inc.nimbuspay.proaccountrest.transaction.request.generated.reversalinitiationv03,Recipient5Choice.Recipient5ChoiceBuilder,29,0,0,0,1,0,5,0,5,0
proaccount-rest,inc.nimbuspay.proaccountrest.transaction.request.generated.reversalinitiationv03,CreditDebit3Code,6,15,0,0,2,3,2,1,2,1
proaccount-rest,inc.nimbuspay.proaccountrest.transaction.request.generated.reversalinitiationv03,Action13.Action13Builder,58,0,0,0,1,0,8,0,8,0
proaccount-rest,inc.nimbuspay.proaccountrest.transaction.request.generated.reversalinitiationv03,Algorithm7Code,6,15,0,0,2,3,2,1,2,1
proaccount-rest,inc.nimbuspay.proaccountrest.transaction.request.generated.reversalinitiationv03,CertificateIssuer1,86,0,14,0,5,0,16,0,9,0
proaccount-rest,inc.nimbuspay.proaccountrest.transaction.request.generated.reversalinitiationv03,CardDataReading9Code,6,69,0,0,2,12,2,1,2,1
proaccount-rest,inc.nimbuspay.proaccountrest.transaction.request.generated.reversalinitiationv03,ApprovalEntity2.ApprovalEntity2Builder,65,0,0,0,1,0,9,0,9,0
proaccount-rest,inc.nimbuspay.proaccountrest.transaction.request.generated.reversalinitiationv03,ClaimInformation1,128,0,22,0,6,0,22,0,11,0
proaccount-rest,inc.nimbuspay.proaccountrest.transaction.request.generated.reversalinitiationv03,EncryptedData1Choice.EncryptedData1ChoiceBuilder,28,0,0,0,1,0,5,0,5,0
proaccount-rest,inc.nimbuspay.proaccountrest.transaction.request.generated.reversalinitiationv03,Address2,515,0,94,0,15,0,76,0,29,0
proaccount-rest,inc.nimbuspay.proaccountrest.transaction.request.generated.reversalinitiationv03,Address3,429,0,78,0,13,0,64,0,25,0
proaccount-rest,inc.nimbuspay.proaccountrest.transaction.request.generated.reversalinitiationv03,SpecialConditions1,128,0,22,0,6,0,22,0,11,0
proaccount-rest,inc.nimbuspay.proaccountrest.transaction.request.generated.reversalinitiationv03,Address2.Address2Builder,108,0,0,0,1,0,14,0,14,0
proaccount-rest,inc.nimbuspay.proaccountrest.transaction.request.generated.reversalinitiationv03,DetailedAmount22,347,0,62,0,11,0,52,0,21,0
proaccount-rest,inc.nimbuspay.proaccountrest.transaction.request.generated.reversalinitiationv03,ActionType10Code,6,39,0,0,2,7,2,1,2,1
proaccount-rest,inc.nimbuspay.proaccountrest.transaction.request.generated.reversalinitiationv03,FeeAmount3.FeeAmount3Builder,66,0,0,0,1,0,9,0,9,0
proaccount-rest,inc.nimbuspay.proaccountrest.transaction.request.generated.reversalinitiationv03,AdditionalAction1,434,0,78,0,13,0,64,0,25,0
proaccount-rest,inc.nimbuspay.proaccountrest.transaction.request.generated.reversalinitiationv03,Algorithm8Code,31,18,4,0,5,5,4,2,2,2
proaccount-rest,inc.nimbuspay.proaccountrest.transaction.request.generated.reversalinitiationv03,CardDepositType1Code,6,33,0,0,2,6,2,1,2,1
proaccount-rest,inc.nimbuspay.proaccountrest.transaction.request.generated.reversalinitiationv03,PointOfServiceContext5.PointOfServiceContext5Builder,205,0,0,0,1,0,24,0,24,0
proaccount-rest,inc.nimbuspay.proaccountrest.transaction.request.generated.reversalinitiationv03,DisputeData3.DisputeData3Builder,93,0,0,0,1,0,12,0,12,0
proaccount-rest,inc.nimbuspay.proaccountrest.transaction.request.generated.reversalinitiationv03,AdditionalServiceResult1Code,6,33,0,0,2,6,2,1,2,1
proaccount-rest,inc.nimbuspay.proaccountrest.transaction.request.generated.reversalinitiationv03,TransactionLifeCycleIdentification1,257,0,46,0,9,0,40,0,17,0
proaccount-rest,inc.nimbuspay.proaccountrest.transaction.request.generated.reversalinitiationv03,SupplementaryData1,129,0,22,0,6,0,22,0,11,0
proaccount-rest,inc.nimbuspay.proaccountrest.transaction.request.generated.reversalinitiationv03,FundingService2,174,0,30,0,7,0,28,0,13,0
proaccount-rest,inc.nimbuspay.proaccountrest.transaction.request.generated.reversalinitiationv03,BytePadding1Code,31,46,4,0,5,9,4,2,2,2
proaccount-rest,inc.nimbuspay.proaccountrest.transaction.request.generated.reversalinitiationv03,Wallet2.Wallet2Builder,196,0,0,0,1,0,22,0,22,0
proaccount-rest,inc.nimbuspay.proaccountrest.transaction.request.generated.reversalinitiationv03,DisputeIdentification1,128,0,22,0,6,0,22,0,11,0
proaccount-rest,inc.nimbuspay.proaccountrest.transaction.request.generated.reversalinitiationv03,Header62,389,89,86,0,2,12,51,19,8,19
proaccount-rest,inc.nimbuspay.proaccountrest.transaction.request.generated.reversalinitiationv03,Parameter14.Parameter14Builder,39,0,0,0,1,0,6,0,6,0
proaccount-rest,inc.nimbuspay.proaccountrest.transaction.request.generated.reversalinitiationv03,AlgorithmIdentification26.AlgorithmIdentification26Builder,29,0,0,0,1,0,5,0,5,0
proaccount-rest,inc.nimbuspay.proaccountrest.transaction.request.generated.reversalinitiationv03,Environment19,519,95,110,0,2,15,70,18,15,18
proaccount-rest,inc.nimbuspay.proaccountrest.transaction.request.generated.reversalinitiationv03,FinancialInstitution7.FinancialInstitution7Builder,92,0,0,0,1,0,12,0,12,0
proaccount-rest,inc.nimbuspay.proaccountrest.transaction.request.generated.reversalinitiationv03,LocalData5.LocalData5Builder,65,0,0,0,1,0,9,0,9,0
proaccount-rest,inc.nimbuspay.proaccountrest.transaction.request.generated.reversalinitiationv03,AttributeType1Code,6,33,0,0,2,6,2,1,2,1
proaccount-rest,inc.nimbuspay.proaccountrest.transaction.request.generated.reversalinitiationv03,ActionType11Code,6,75,0,0,2,13,2,1,2,1
proaccount-rest,inc.nimbuspay.proaccountrest.transaction.request.generated.reversalinitiationv03,AdditionalAmounts3,259,0,46,0,9,0,40,0,17,0
proaccount-rest,inc.nimbuspay.proaccountrest.transaction.request.generated.reversalinitiationv03,AdditionalService2.AdditionalService2Builder,57,0,0,0,1,0,8,0,8,0
proaccount-rest,inc.nimbuspay.proaccountrest.transaction.request.generated.reversalinitiationv03,AdditionalData1,128,0,22,0,6,0,22,0,11,0
proaccount-rest,inc.nimbuspay.proaccountrest.transaction.request.generated.reversalinitiationv03,IssuerAndSerialNumber1.IssuerAndSerialNumber1Builder,29,0,0,0,1,0,5,0,5,0
proaccount-rest,inc.nimbuspay.proaccountrest.transaction.request.generated.reversalinitiationv03,Algorithm5Code,31,32,4,0,5,7,4,2,2,2
proaccount-rest,inc.nimbuspay.proaccountrest.transaction.request.generated.reversalinitiationv03,PartyType21Code,6,27,0,0,2,5,2,1,2,1
proaccount-rest,inc.nimbuspay.proaccountrest.transaction.request.generated.reversalinitiationv03,SettlementReportingEntity1.SettlementReportingEntity1Builder,27,0,0,0,1,0,5,0,5,0
proaccount-rest,inc.nimbuspay.proaccountrest.transaction.request.generated.reversalinitiationv03,EncryptedDataFormat1Code,6,39,0,0,2,7,2,1,2,1
proaccount-rest,inc.nimbuspay.proaccountrest.transaction.request.generated.reversalinitiationv03,Environment19.Environment19Builder,139,0,0,0,1,0,16,0,16,0
proaccount-rest,inc.nimbuspay.proaccountrest.transaction.request.generated.reversalinitiationv03,AdditionalInformation29,432,0,78,0,13,0,64,0,25,0
proaccount-rest,inc.nimbuspay.proaccountrest.transaction.request.generated.reversalinitiationv03,AlgorithmIdentification25,130,0,22,0,6,0,22,0,11,0
proaccount-rest,inc.nimbuspay.proaccountrest.transaction.request.generated.reversalinitiationv03,UserInterface6Code,6,57,0,0,2,10,2,1,2,1
proaccount-rest,inc.nimbuspay.proaccountrest.transaction.request.generated.reversalinitiationv03,AlgorithmIdentification26,130,0,22,0,6,0,22,0,11,0
proaccount-rest,inc.nimbuspay.proaccountrest.transaction.request.generated.reversalinitiationv03,AlgorithmIdentification27,130,0,22,0,6,0,22,0,11,0
proaccount-rest,inc.nimbuspay.proaccountrest.transaction.request.generated.reversalinitiationv03,AlgorithmIdentification28,130,0,22,0,6,0,22,0,11,0
proaccount-rest,inc.nimbuspay.proaccountrest.transaction.request.generated.reversalinitiationv03,Credentials2,259,0,46,0,9,0,40,0,17,0
proaccount-rest,inc.nimbuspay.proaccountrest.transaction.request.generated.reversalinitiationv03,DisputeReference1,173,0,30,0,7,0,28,0,13,0
proaccount-rest,inc.nimbuspay.proaccountrest.transaction.request.generated.reversalinitiationv03,Content1.Content1Builder,37,0,0,0,1,0,6,0,6,0
proaccount-rest,inc.nimbuspay.proaccountrest.transaction.request.generated.reversalinitiationv03,EncryptedDataElement1,259,0,46,0,9,0,40,0,17,0
proaccount-rest,inc.nimbuspay.proaccountrest.transaction.request.generated.reversalinitiationv03,PartyType22Code,6,33,0,0,2,6,2,1,2,1
proaccount-rest,inc.nimbuspay.proaccountrest.transaction.request.generated.reversalinitiationv03,PartyIdentification258.PartyIdentification258Builder,74,0,0,0,1,0,10,0,10,0
proaccount-rest,inc.nimbuspay.proaccountrest.transaction.request.generated.reversalinitiationv03,ProtectionMethod1Code,6,39,0,0,2,7,2,1,2,1
proaccount-rest,inc.nimbuspay.proaccountrest.transaction.request.generated.reversalinitiationv03,TerminalIdentification3.TerminalIdentification3Builder,45,0,0,0,1,0,7,0,7,0
proaccount-rest,inc.nimbuspay.proaccountrest.transaction.request.generated.reversalinitiationv03,FundingSource2,172,0,30,0,7,0,28,0,13,0
proaccount-rest,inc.nimbuspay.proaccountrest.transaction.request.generated.reversalinitiationv03,CardholderName3,214,0,38,0,8,0,34,0,15,0
proaccount-rest,inc.nimbuspay.proaccountrest.transaction.request.generated.reversalinitiationv03,Wallet2,875,0,158,0,23,0,124,0,45,0
proaccount-rest,inc.nimbuspay.proaccountrest.transaction.request.generated.reversalinitiationv03,AccountDetails3.AccountDetails3Builder,36,0,0,0,1,0,6,0,6,0
proaccount-rest,inc.nimbuspay.proaccountrest.transaction.request.generated.reversalinitiationv03,CardholderName2,214,0,38,0,8,0,34,0,15,0
proaccount-rest,inc.nimbuspay.proaccountrest.transaction.request.generated.reversalinitiationv03,LocalData4.LocalData4Builder,83,0,0,0,1,0,11,0,11,0
proaccount-rest,inc.nimbuspay.proaccountrest.transaction.request.generated.reversalinitiationv03,ProtectedData1.ProtectedData1Builder,39,0,0,0,1,0,6,0,6,0
proaccount-rest,inc.nimbuspay.proaccountrest.transaction.request.generated.reversalinitiationv03,Priority3Code,6,21,0,0,2,4,2,1,2,1
proaccount-rest,inc.nimbuspay.proaccountrest.transaction.request.generated.reversalinitiationv03,Amount15,259,0,46,0,9,0,40,0,17,0
proaccount-rest,inc.nimbuspay.proaccountrest.transaction.request.generated.reversalinitiationv03,Amount16,130,0,22,0,6,0,22,0,11,0
proaccount-rest,inc.nimbuspay.proaccountrest.transaction.request.generated.reversalinitiationv03,Amount17,173,0,30,0,7,0,28,0,13,0
proaccount-rest,inc.nimbuspay.proaccountrest.transaction.request.generated.reversalinitiationv03,Terminal6.Terminal6Builder,19,0,0,0,1,0,4,0,4,0
proaccount-rest,inc.nimbuspay.proaccountrest.transaction.request.generated.reversalinitiationv03,GenericIdentification183.GenericIdentification183Builder,65,0,0,0,1,0,9,0,9,0
proaccount-rest,inc.nimbuspay.proaccountrest.transaction.request.generated.reversalinitiationv03,SupplementaryData1.SupplementaryData1Builder,28,0,0,0,1,0,5,0,5,0
proaccount-rest,inc.nimbuspay.proaccountrest.transaction.request.generated.reversalinitiationv03,FundingSource2.FundingSource2Builder,37,0,0,0,1,0,6,0,6,0
proaccount-rest,inc.nimbuspay.proaccountrest.transaction.request.generated.reversalinitiationv03,PointOfServiceContext5,771,181,174,0,2,23,97,39,10,39
proaccount-rest,inc.nimbuspay.proaccountrest.transaction.request.generated.reversalinitiationv03,PartyType17Code,6,45,0,0,2,8,2,1,2,1
proaccount-rest,inc.nimbuspay.proaccountrest.transaction.request.generated.reversalinitiationv03,MessageFunction16Code,6,33,0,0,2,6,2,1,2,1
proaccount-rest,inc.nimbuspay.proaccountrest.transaction.request.generated.reversalinitiationv03,SpecialProgrammeDetails1,128,0,22,0,6,0,22,0,11,0
proaccount-rest,inc.nimbuspay.proaccountrest.transaction.request.generated.reversalinitiationv03,BatchManagementInformation1,162,38,32,0,2,6,22,9,6,9
proaccount-rest,inc.nimbuspay.proaccountrest.transaction.request.generated.reversalinitiationv03,SpecialProgrammeDetails1.SpecialProgrammeDetails1Builder,27,0,0,0,1,0,5,0,5,0
proaccount-rest,inc.nimbuspay.proaccountrest.transaction.request.generated.reversalinitiationv03,PartyIdentification257.PartyIdentification257Builder,29,0,0,0,1,0,5,0,5,0
proaccount-rest,inc.nimbuspay.proaccountrest.transaction.request.generated.reversalinitiationv03,ApprovalEntity2,302,0,54,0,10,0,46,0,19,0
proaccount-rest,inc.nimbuspay.proaccountrest.transaction.request.generated.reversalinitiationv03,Recipient7Choice.Recipient7ChoiceBuilder,39,0,0,0,1,0,6,0,6,0
proaccount-rest,inc.nimbuspay.proaccountrest.transaction.request.generated.reversalinitiationv03,MACData1.MACData1Builder,90,0,0,0,1,0,12,0,12,0
proaccount-rest,inc.nimbuspay.proaccountrest.transaction.request.generated.reversalinitiationv03,Address3.Address3Builder,90,0,0,0,1,0,12,0,12,0
proaccount-rest,inc.nimbuspay.proaccountrest.transaction.request.generated.reversalinitiationv03,SupplementaryDataEnvelope1,86,0,14,0,5,0,16,0,9,0
proaccount-rest,inc.nimbuspay.proaccountrest.transaction.request.generated.reversalinitiationv03,PartyType20Code,6,33,0,0,2,6,2,1,2,1
proaccount-rest,inc.nimbuspay.proaccountrest.transaction.request.generated.reversalinitiationv03,TransactionContext9.TransactionContext9Builder,168,0,0,0,1,0,20,0,20,0
proaccount-rest,inc.nimbuspay.proaccountrest.transaction.request.generated.reversalinitiationv03,Context14.Context14Builder,29,0,0,0,1,0,5,0,5,0
proaccount-rest,inc.nimbuspay.proaccountrest.transaction.request.generated.reversalinitiationv03,PartyIdentification262.PartyIdentification262Builder,73,0,0,0,1,0,10,0,10,0
proaccount-rest,inc.nimbuspay.proaccountrest.transaction.request.generated.reversalinitiationv03,TransactionAmounts2.TransactionAmounts2Builder,69,0,0,0,1,0,9,0,9,0
proaccount-rest,inc.nimbuspay.proaccountrest.transaction.request.generated.reversalinitiationv03,OriginalTransactionAmount2,218,0,38,0,8,0,34,0,15,0
proaccount-rest,inc.nimbuspay.proaccountrest.transaction.request.generated.reversalinitiationv03,TransactionInitiator1Code,6,15,0,0,2,3,2,1,2,1
proaccount-rest,inc.nimbuspay.proaccountrest.transaction.request.generated.reversalinitiationv03,Amount16.Amount16Builder,29,0,0,0,1,0,5,0,5,0
proaccount-rest,inc.nimbuspay.proaccountrest.transaction.request.generated.reversalinitiationv03,PartyType18Code,6,27,0,0,2,5,2,1,2,1
proaccount-rest,inc.nimbuspay.proaccountrest.transaction.request.generated.reversalinitiationv03,TransactionIdentification51.TransactionIdentification51Builder,138,0,0,0,1,0,17,0,17,0
proaccount-rest,inc.nimbuspay.proaccountrest.transaction.request.generated.reversalinitiationv03,PartyType32Code,6,33,0,0,2,6,2,1,2,1
proaccount-rest,inc.nimbuspay.proaccountrest.transaction.request.generated.reversalinitiationv03,Recipient7Choice,174,0,30,0,7,0,28,0,13,0
proaccount-rest,inc.nimbuspay.proaccountrest.transaction.request.generated.reversalinitiationv03,CardProgramme2.CardProgramme2Builder,29,0,0,0,1,0,5,0,5,0
proaccount-rest,inc.nimbuspay.proaccountrest.transaction.request.generated.reversalinitiationv03,TransactionAmounts2,261,45,54,0,2,8,37,9,10,9
proaccount-rest,inc.nimbuspay.proaccountrest.transaction.request.generated.reversalinitiationv03,AccountDetails3,139,32,30,0,2,5,20,8,5,8
proaccount-rest,inc.nimbuspay.proaccountrest.transaction.request.generated.reversalinitiationv03,QRCodePresentmentMode1Code,6,27,0,0,2,5,2,1,2,1
proaccount-rest,inc.nimbuspay.proaccountrest.transaction.request.generated.reversalinitiationv03,SpecialProgrammeQualification1.SpecialProgrammeQualification1Builder,28,0,0,0,1,0,5,0,5,0
proaccount-rest,inc.nimbuspay.proaccountrest.transaction.request.generated.reversalinitiationv03,CardProgrammeMode3.CardProgrammeMode3Builder,37,0,0,0,1,0,6,0,6,0
proaccount-rest,inc.nimbuspay.proaccountrest.transaction.request.generated.reversalinitiationv03,Content1,157,0,24,0,7,0,25,0,13,0
proaccount-rest,inc.nimbuspay.proaccountrest.transaction.request.generated.reversalinitiationv03,ClaimInformation1.ClaimInformation1Builder,27,0,0,0,1,0,5,0,5,0
proaccount-rest,inc.nimbuspay.proaccountrest.transaction.request.generated.reversalinitiationv03,TransactionContext9,779,0,142,0,21,0,112,0,41,0
proaccount-rest,inc.nimbuspay.proaccountrest.transaction.request.generated.reversalinitiationv03,DisputeData3,432,0,78,0,13,0,64,0,25,0
proaccount-rest,inc.nimbuspay.proaccountrest.transaction.request.generated.reversalinitiationv03,Document.DocumentBuilder,19,0,0,0,1,0,4,0,4,0
proaccount-rest,inc.nimbuspay.proaccountrest.transaction.request.generated.reversalinitiationv03,Response8Code,6,45,0,0,2,8,2,1,2,1
proaccount-rest,inc.nimbuspay.proaccountrest.transaction.request.generated.reversalinitiationv03,ResultData7,302,0,54,0,10,0,46,0,19,0
proaccount-rest,inc.nimbuspay.proaccountrest.transaction.request.generated.reversalinitiationv03,AdditionalFee2.AdditionalFee2Builder,85,0,0,0,1,0,11,0,11,0
proaccount-rest,inc.nimbuspay.proaccountrest.transaction.request.generated.reversalinitiationv03,AdditionalInformation29.AdditionalInformation29Builder,93,0,0,0,1,0,12,0,12,0
proaccount-rest,inc.nimbuspay.proaccountrest.transaction.request.generated.reversalinitiationv03,CardDataReading10Code,6,87,0,0,2,15,2,1,2,1
proaccount-rest,inc.nimbuspay.proaccountrest.transaction.request.generated.reversalinitiationv03,RiskAssessment1Code,6,27,0,0,2,5,2,1,2,1
proaccount-rest,inc.nimbuspay.proaccountrest.transaction.request.generated.reversalinitiationv03,SettlementServiceMode1,215,0,38,0,8,0,34,0,15,0
proaccount-rest,inc.nimbuspay.proaccountrest.transaction.request.generated.reversalinitiationv03,IssuerAndSerialNumber1,115,0,16,0,6,0,19,0,11,0
proaccount-rest,inc.nimbuspay.proaccountrest.transaction.request.generated.reversalinitiationv03,CertificateIssuer1.CertificateIssuer1Builder,19,0,0,0,1,0,4,0,4,0
proaccount-rest,inc.nimbuspay.proaccountrest.transaction.request.generated.reversalinitiationv03,Jurisdiction2,128,0,22,0,6,0,22,0,11,0
proaccount-rest,inc.nimbuspay.proaccountrest.transaction.request.generated.reversalinitiationv03,ContentInformationType20.ContentInformationType20Builder,28,0,0,0,1,0,5,0,5,0
proaccount-rest,inc.nimbuspay.proaccountrest.transaction.request.generated.reversalinitiationv03,Customer7.Customer7Builder,114,0,0,0,1,0,14,0,14,0
proaccount-rest,inc.nimbuspay.proaccountrest.transaction.request.generated.reversalinitiationv03,TransferService2.TransferService2Builder,54,0,0,0,1,0,8,0,8,0
proaccount-rest,inc.nimbuspay.proaccountrest.transaction.request.generated.reversalinitiationv03,KeyTransport6.KeyTransport6Builder,49,0,0,0,1,0,7,0,7,0
proaccount-rest,inc.nimbuspay.proaccountrest.transaction.request.generated.reversalinitiationv03,FinancialInstitution7,431,0,78,0,13,0,64,0,25,0
proaccount-rest,inc.nimbuspay.proaccountrest.transaction.request.generated.reversalinitiationv03,Reconciliation3.Reconciliation3Builder,36,0,0,0,1,0,6,0,6,0
proaccount-rest,inc.nimbuspay.proaccountrest.transaction.request.generated.reversalinitiationv03,AdditionalServiceType2Code,6,63,0,0,2,11,2,1,2,1
proaccount-rest,inc.nimbuspay.proaccountrest.transaction.request.generated.reversalinitiationv03,SettlementServiceMode1.SettlementServiceMode1Builder,46,0,0,0,1,0,7,0,7,0
proaccount-rest,inc.nimbuspay.proaccountrest.transaction.request.generated.reversalinitiationv03,EncryptedDataElement1.EncryptedDataElement1Builder,56,0,0,0,1,0,8,0,8,0
proaccount-rest,inc.nimbuspay.proaccountrest.transaction.request.generated.reversalinitiationv03,MessageClass1Code,6,57,0,0,2,10,2,1,2,1
proaccount-rest,inc.nimbuspay.proaccountrest.transaction.request.generated.reversalinitiationv03,Authority1.Authority1Builder,63,0,0,0,1,0,9,0,9,0
proaccount-rest,inc.nimbuspay.proaccountrest.transaction.request.generated.reversalinitiationv03,Token2,518,0,94,0,15,0,76,0,29,0
proaccount-rest,inc.nimbuspay.proaccountrest.transaction.request.generated.reversalinitiationv03,Authority1,300,0,54,0,10,0,46,0,19,0
proaccount-rest,inc.nimbuspay.proaccountrest.transaction.request.generated.reversalinitiationv03,LocalData2.LocalData2Builder,56,0,0,0,1,0,8,0,8,0
proaccount-rest,inc.nimbuspay.proaccountrest.transaction.request.generated.reversalinitiationv03,Recipient5Choice,130,0,22,0,6,0,22,0,11,0
proaccount-rest,inc.nimbuspay.proaccountrest.transaction.request.generated.reversalinitiationv03,AdditionalAmounts3.AdditionalAmounts3Builder,56,0,0,0,1,0,8,0,8,0
proaccount-rest,inc.nimbuspay.proaccountrest.transaction.request.generated.reversalinitiationv03,ContentInformationType20,129,0,22,0,6,0,22,0,11,0
proaccount-rest,inc.nimbuspay.proaccountrest.transaction.request.generated.reversalinitiationv03,Algorithm23Code,31,88,4,0,5,15,4,2,2,2
proaccount-rest,inc.nimbuspay.proaccountrest.transaction.request.generated.reversalinitiationv03,PartyIdentification253.PartyIdentification253Builder,184,0,0,0,1,0,22,0,22,0
proaccount-rest,inc.nimbuspay.proaccountrest.transaction.request.generated.reversalinitiationv03,MOTO1Code,6,21,0,0,2,4,2,1,2,1
proaccount-rest,inc.nimbuspay.proaccountrest.transaction.request.generated.reversalinitiationv03,Amount15.Amount15Builder,56,0,0,0,1,0,8,0,8,0
proaccount-rest,inc.nimbuspay.proaccountrest.transaction.request.generated.reversalinitiationv03,PartyType9Code,6,39,0,0,2,7,2,1,2,1
proaccount-rest,inc.nimbuspay.proaccountrest.transaction.request.generated.reversalinitiationv03,EncryptedData1,473,0,86,0,14,0,70,0,27,0
proaccount-rest,inc.nimbuspay.proaccountrest.transaction.request.generated.reversalinitiationv03,SettlementService3,262,0,46,0,9,0,40,0,17,0
proaccount-rest,inc.nimbuspay.proaccountrest.transaction.request.generated.reversalinitiationv03,ContentType3Code,6,15,0,0,2,3,2,1,2,1
proaccount-rest,inc.nimbuspay.proaccountrest.transaction.request.generated.reversalinitiationv03,KEKIdentifier6,201,0,32,0,8,0,31,0,15,0
proaccount-rest,inc.nimbuspay.proaccountrest.transaction.request.generated.reversalinitiationv03,EnvelopedData6.EnvelopedData6Builder,39,0,0,0,1,0,6,0,6,0
proaccount-rest,inc.nimbuspay.proaccountrest.transaction.request.generated.reversalinitiationv03,OutputFormat4Code,6,51,0,0,2,9,2,1,2,1
proaccount-rest,inc.nimbuspay.proaccountrest.transaction.request.generated.reversalinitiationv03,ProtectedData1,174,0,30,0,7,0,28,0,13,0
proaccount-rest,inc.nimbuspay.proaccountrest.transaction.request.generated.reversalinitiationv03,KEKIdentifier2,201,0,32,0,8,0,31,0,15,0
proaccount-rest,inc.nimbuspay.proaccountrest.transaction.request.generated.reversalinitiationv03,Parameter14,159,0,24,0,7,0,25,0,13,0
proaccount-rest,inc.nimbuspay.proaccountrest.transaction.request.generated.reversalinitiationv03,Parameter13,130,0,22,0,6,0,22,0,11,0
proaccount-rest,inc.nimbuspay.proaccountrest.transaction.request.generated.reversalinitiationv03,ContentType2Code,6,33,0,0,2,6,2,1,2,1
proaccount-rest,inc.nimbuspay.proaccountrest.transaction.request.generated.reversalinitiationv03,RelativeDistinguishedName1,129,0,22,0,6,0,22,0,11,0
proaccount-rest,inc.nimbuspay.proaccountrest.transaction.request.generated.reversalinitiationv03,Traceability9,172,0,30,0,7,0,28,0,13,0
proaccount-rest,inc.nimbuspay.proaccountrest.transaction.request.generated.reversalinitiationv03,DepositDetails2.DepositDetails2Builder,38,0,0,0,1,0,6,0,6,0
proaccount-rest,inc.nimbuspay.proaccountrest.transaction.request.generated.reversalinitiationv03,AlgorithmIdentification27.AlgorithmIdentification27Builder,29,0,0,0,1,0,5,0,5,0
proaccount-rest,inc.nimbuspay.proaccountrest.transaction.request.generated.reversalinitiationv03,AlgorithmIdentification25.AlgorithmIdentification25Builder,29,0,0,0,1,0,5,0,5,0
proaccount-rest,inc.nimbuspay.proaccountrest.transaction.request.generated.reversalinitiationv03,ProcessingResult16,392,0,70,0,12,0,58,0,23,0
proaccount-rest,inc.nimbuspay.proaccountrest.transaction.request.generated.reversalinitiationv03,Reconciliation3,171,0,30,0,7,0,28,0,13,0
proaccount-rest,inc.nimbuspay.proaccountrest.transaction.request.generated.reversalinitiationv03,Identification3Code,6,75,0,0,2,13,2,1,2,1
proaccount-rest,inc.nimbuspay.proaccountrest.transaction.request.generated.reversalinitiationv03,Context14,109,21,22,0,2,4,17,5,6,5
proaccount-rest,inc.nimbuspay.proaccountrest.transaction.request.generated.reversalinitiationv03,CardProgrammeMode2.CardProgrammeMode2Builder,28,0,0,0,1,0,5,0,5,0
proaccount-rest,inc.nimbuspay.proaccountrest.transaction.request.generated.reversalinitiationv03,TransactionLifeCycleIdentification1.TransactionLifeCycleIdentification1Builder,54,0,0,0,1,0,8,0,8,0
proaccount-rest,inc.nimbuspay.proaccountrest.transaction.request.generated.reversalinitiationv03,SettlementServiceDate2.SettlementServiceDate2Builder,63,0,0,0,1,0,9,0,9,0
proaccount-rest,inc.nimbuspay.proaccountrest.transaction.request.generated.reversalinitiationv03,EncryptedData1.EncryptedData1Builder,100,0,0,0,1,0,13,0,13,0
proaccount-rest,inc.nimbuspay.proaccountrest.transaction.request.generated.reversalinitiationv03,FundingService2.FundingService2Builder,39,0,0,0,1,0,6,0,6,0
proaccount-rest,inc.nimbuspay.proaccountrest.transaction.request.generated.reversalinitiationv03,Parameter7.Parameter7Builder,29,0,0,0,1,0,5,0,5,0
proaccount-rest,inc.nimbuspay.proaccountrest.transaction.request.generated.reversalinitiationv03,Jurisdiction2.Jurisdiction2Builder,27,0,0,0,1,0,5,0,5,0
proaccount-rest,inc.nimbuspay.proaccountrest.transaction.request.generated.reversalinitiationv03,LocalData3.LocalData3Builder,48,0,0,0,1,0,7,0,7,0
proaccount-rest,inc.nimbuspay.proaccountrest.transaction.request.generated.reversalinitiationv03,SettlementServiceDate2,300,0,54,0,10,0,46,0,19,0
proaccount-rest,inc.nimbuspay.proaccountrest.transaction.request.generated.reversalinitiationv03,Customer7,521,0,94,0,15,0,76,0,29,0
proaccount-rest,inc.nimbuspay.proaccountrest.transaction.request.generated.reversalinitiationv03,SupplementaryDataEnvelope1.SupplementaryDataEnvelope1Builder,19,0,0,0,1,0,4,0,4,0
proaccount-rest,inc.nimbuspay.proaccountrest.transaction.request.generated.reversalinitiationv03,AdditionalData1.AdditionalData1Builder,27,0,0,0,1,0,5,0,5,0
proaccount-rest,inc.nimbuspay.proaccountrest.transaction.request.generated.reversalinitiationv03,TransactionIdentification51,561,86,118,0,2,16,76,18,17,18
proaccount-rest,inc.nimbuspay.proaccountrest.transaction.request.generated.reversalinitiationv03,SettlementReportingEntity1,128,0,22,0,6,0,22,0,11,0
proaccount-rest,inc.nimbuspay.proaccountrest.transaction.request.generated.reversalinitiationv03,Algorithm13Code,31,60,4,0,5,11,4,2,2,2
proaccount-rest,inc.nimbuspay.proaccountrest.transaction.request.generated.reversalinitiationv03,EncryptedContent5.EncryptedContent5Builder,39,0,0,0,1,0,6,0,6,0
proaccount-rest,inc.nimbuspay.proaccountrest.transaction.request.generated.reversalinitiationv03,AdditionalAction1.AdditionalAction1Builder,95,0,0,0,1,0,12,0,12,0
proaccount-rest,inc.nimbuspay.proaccountrest.transaction.request.generated.reversalinitiationv03,TransactionAmount1.TransactionAmount1Builder,28,0,0,0,1,0,5,0,5,0
proaccount-rest,inc.nimbuspay.proaccountrest.transaction.request.generated.reversalinitiationv03,DetailedAmount22.DetailedAmount22Builder,76,0,0,0,1,0,10,0,10,0
proaccount-rest,inc.nimbuspay.proaccountrest.transaction.request.generated.reversalinitiationv03,SponsoredMerchant2,390,0,70,0,12,0,58,0,23,0
proaccount-rest,inc.nimbuspay.proaccountrest.transaction.request.generated.reversalinitiationv03,ReversalInitiation2,291,58,62,0,2,9,40,12,9,12
proaccount-rest,inc.nimbuspay.proaccountrest.transaction.request.generated.reversalinitiationv03,CardProgrammeMode2,129,0,22,0,6,0,22,0,11,0
proaccount-rest,inc.nimbuspay.proaccountrest.transaction.request.generated.reversalinitiationv03,CardProgrammeMode3,172,0,30,0,7,0,28,0,13,0
proaccount-rest,inc.nimbuspay.proaccountrest.transaction.request.generated.reversalinitiationv03,CardData10,279,65,62,0,2,9,37,15,6,15
proaccount-rest,inc.nimbuspay.proaccountrest.transaction.request.generated.reversalinitiationv03,ECommerceData1,128,0,22,0,6,0,22,0,11,0
proaccount-rest,inc.nimbuspay.proaccountrest.transaction.request.generated.reversalinitiationv03,KEK6.KEK6Builder,49,0,0,0,1,0,7,0,7,0
proaccount-rest,inc.nimbuspay.proaccountrest.transaction.request.generated.reversalinitiationv03,Algorithm20Code,31,32,4,0,5,7,4,2,2,2
proaccount-rest,inc.nimbuspay.proaccountrest.transaction.request.generated.reversalinitiationv03,Header62.Header62Builder,105,0,0,0,1,0,13,0,13,0
proaccount-rest,inc.nimbuspay.proaccountrest.transaction.request.generated.reversalinitiationv03,ReversalInitiation2.ReversalInitiation2Builder,78,0,0,0,1,0,10,0,10,0
proaccount-rest,inc.nimbuspay.proaccountrest.transaction.request.generated.reversalinitiationv03,EnvelopedData6,174,0,30,0,7,0,28,0,13,0
proaccount-rest,inc.nimbuspay.proaccountrest.transaction.request.generated.reversalinitiationv03,CardProgramme2,130,0,22,0,6,0,22,0,11,0
proaccount-rest,inc.nimbuspay.proaccountrest.transaction.request.generated.reversalinitiationv03,LocalData2,259,0,46,0,9,0,40,0,17,0
proaccount-rest,inc.nimbuspay.proaccountrest.transaction.request.generated.reversalinitiationv03,Contact6,515,0,94,0,15,0,76,0,29,0
proaccount-rest,inc.nimbuspay.proaccountrest.transaction.request.generated.reversalinitiationv03,LocalData1,215,0,38,0,8,0,34,0,15,0
proaccount-rest,inc.nimbuspay.proaccountrest.transaction.request.generated.reversalinitiationv03,LocalData5,302,0,54,0,10,0,46,0,19,0
proaccount-rest,inc.nimbuspay.proaccountrest.transaction.request.generated.reversalinitiationv03,LocalData4,388,0,70,0,12,0,58,0,23,0
proaccount-rest,inc.nimbuspay.proaccountrest.transaction.request.generated.reversalinitiationv03,LocalData3,217,0,38,0,8,0,34,0,15,0
proaccount-rest,inc.nimbuspay.proaccountrest.transaction.request.generated.reversalinitiationv03,Document,86,0,14,0,5,0,16,0,9,0
proaccount-rest,inc.nimbuspay.proaccountrest.transaction.request.generated.reversalinitiationv03,PartyType26Code,6,51,0,0,2,9,2,1,2,1
proaccount-rest,inc.nimbuspay.proaccountrest.transaction.request.generated.reversalinitiationv03,PartyIdentification263,287,58,62,0,2,9,39,13,8,13
proaccount-rest,inc.nimbuspay.proaccountrest.transaction.request.generated.reversalinitiationv03,PartyIdentification262,344,0,62,0,11,0,52,0,21,0
proaccount-rest,inc.nimbuspay.proaccountrest.transaction.request.generated.reversalinitiationv03,AdditionalFee2,390,0,70,0,12,0,58,0,23,0
proaccount-rest,inc.nimbuspay.proaccountrest.transaction.request.generated.reversalinitiationv03,RelativeDistinguishedName1.RelativeDistinguishedName1Builder,28,0,0,0,1,0,5,0,5,0
proaccount-rest,inc.nimbuspay.proaccountrest.transaction.request.generated.reversalinitiationv03,TerminalIdentification3,214,0,38,0,8,0,34,0,15,0
proaccount-rest,inc.nimbuspay.proaccountrest.transaction.request.generated.reversalinitiationv03,MACData1,429,0,78,0,13,0,64,0,25,0
proaccount-rest,inc.nimbuspay.proaccountrest.transaction.request.generated.reversalinitiationv03,PartyIdentification253,863,0,158,0,23,0,124,0,45,0
proaccount-rest,inc.nimbuspay.proaccountrest.transaction.request.generated.reversalinitiationv03,PartyIdentification258,345,0,62,0,11,0,52,0,21,0
proaccount-rest,inc.nimbuspay.proaccountrest.transaction.request.generated.reversalinitiationv03,PartyIdentification257,130,0,22,0,6,0,22,0,11,0
proaccount-rest,inc.nimbuspay.proaccountrest.transaction.request.generated.reversalinitiationv03,DisputeIdentification1.DisputeIdentification1Builder,27,0,0,0,1,0,5,0,5,0
proaccount-rest,inc.nimbuspay.proaccountrest.transaction.request.generated.reversalinitiationv03,Transaction142.Transaction142Builder,241,0,0,0,1,0,27,0,27,0
proaccount-rest,inc.nimbuspay.proaccountrest.transaction.request.generated.reversalinitiationv03,Action13,261,0,46,0,9,0,40,0,17,0
proaccount-rest,inc.nimbuspay.proaccountrest.transaction.request.generated.reversalinitiationv03,KEKIdentifier2.KEKIdentifier2Builder,47,0,0,0,1,0,7,0,7,0
proaccount-rest,inc.nimbuspay.proaccountrest.transaction.request.generated.reversalinitiationv03,GenericIdentification183,245,57,54,0,2,8,33,13,6,13
proaccount-rest,inc.nimbuspay.proaccountrest.transaction.request.generated.reversalinitiationv03,KEK6,203,0,32,0,8,0,31,0,15,0
proaccount-rest,inc.nimbuspay.proaccountrest.transaction.request.generated.reversalinitiationv03,SettlementService3.SettlementService3Builder,59,0,0,0,1,0,8,0,8,0
proaccount-rest,inc.nimbuspay.proaccountrest.transaction.request.generated.reversalinitiationv03,FeeAmount3,303,0,54,0,10,0,46,0,19,0
proaccount-rest,inc.nimbuspay.proaccountrest.transaction.request.generated.reversalinitiationv03,CardholderName3.CardholderName3Builder,45,0,0,0,1,0,7,0,7,0
proaccount-rest,inc.nimbuspay.proaccountrest.transaction.request.generated.reversalinitiationv03,CardData10.CardData10Builder,73,0,0,0,1,0,10,0,10,0
proaccount-rest,inc.nimbuspay.proaccountrest.transaction.request.generated.reversalinitiationv03,ReversalInitiationV03.ReversalInitiationV03Builder,39,0,0,0,1,0,6,0,6,0
proaccount-rest,inc.nimbuspay.proaccountrest.transaction.request.generated.reversalinitiationv03,KEKIdentifier6.KEKIdentifier6Builder,47,0,0,0,1,0,7,0,7,0
proaccount-rest,inc.nimbuspay.proaccountrest.transaction.request.generated.reversalinitiationv03,BatchManagementInformation1.BatchManagementInformation1Builder,46,0,0,0,1,0,7,0,7,0
proaccount-rest,inc.nimbuspay.proaccountrest.transaction.request.generated.reversalinitiationv03,LocalData1.LocalData1Builder,46,0,0,0,1,0,7,0,7,0
proaccount-rest,inc.nimbuspay.proaccountrest.transaction.request.generated.reversalinitiationv03,SpecialConditions1.SpecialConditions1Builder,27,0,0,0,1,0,5,0,5,0
proaccount-rest,inc.nimbuspay.proaccountrest.transaction.request.generated.reversalinitiationv03,CardholderName2.CardholderName2Builder,45,0,0,0,1,0,7,0,7,0
proaccount-rest,inc.nimbuspay.proaccountrest.transaction.request.generated.reversalinitiationv03,PartyIdentification263.PartyIdentification263Builder,74,0,0,0,1,0,10,0,10,0
proaccount-rest,inc.nimbuspay.proaccountrest.transaction.request.generated.reversalinitiationv03,SecurityCharacteristics1Code,6,111,0,0,2,19,2,1,2,1
proaccount-rest,inc.nimbuspay.proaccountrest.transaction.request.generated.reversalinitiationv03,DepositDetails2,173,0,30,0,7,0,28,0,13,0
proaccount-rest,inc.nimbuspay.proaccountrest.transaction.request.generated.reversalinitiationv03,Amount17.Amount17Builder,38,0,0,0,1,0,6,0,6,0
proaccount-rest,inc.nimbuspay.proaccountrest.transaction.request.generated.reversalinitiationv03,Frequency12Code,6,51,0,0,2,9,2,1,2,1
proaccount-rest,inc.nimbuspay.proaccountrest.transaction.request.generated.reversalinitiationv03,TransactionAmount1,105,24,22,0,2,4,16,6,5,6
proaccount-rest,inc.nimbuspay.proaccountrest.transaction.request.generated.reversalinitiationv03,EncryptionFormat3Code,31,39,4,0,5,8,4,2,2,2
proaccount-rest,inc.nimbuspay.proaccountrest.transaction.request.generated.reversalinitiationv03,Token2.Token2Builder,111,0,0,0,1,0,14,0,14,0
proaccount-rest,inc.nimbuspay.proaccountrest.transaction.request.generated.reversalinitiationv03,EncryptedContent5,174,0,30,0,7,0,28,0,13,0
proaccount-rest,inc.nimbuspay.proaccountrest.transaction.request.generated.reversalinitiationv03,AdditionalService2,260,0,46,0,9,0,40,0,17,0
proaccount-rest,inc.nimbuspay.proaccountrest.transaction.request.generated.reversalinitiationv03,FundingSourceType2Code,6,87,0,0,2,15,2,1,2,1
proaccount-rest,inc.nimbuspay.proaccountrest.transaction.request.generated.reversalinitiationv03,SponsoredMerchant2.SponsoredMerchant2Builder,85,0,0,0,1,0,11,0,11,0
proaccount-rest,inc.nimbuspay.proaccountrest.transaction.request.generated.reversalinitiationv03,ReversalInitiationV03,143,31,30,0,2,5,21,7,6,7
proaccount-rest,inc.nimbuspay.proaccountrest.transaction.request.generated.reversalinitiationv03,ResultData7.ResultData7Builder,65,0,0,0,1,0,9,0,9,0
proaccount-rest,inc.nimbuspay.proaccountrest.transaction.request.generated.reversalinitiationv03,Credentials2.Credentials2Builder,56,0,0,0,1,0,8,0,8,0
proaccount-rest,inc.nimbuspay.proaccountrest.transaction.request.generated.reversalinitiationv03,KeyTransport6,203,0,32,0,8,0,31,0,15,0
proaccount-rest,inc.nimbuspay.proaccountrest.transaction.request.generated.reversalinitiationv03,Traceability9.Traceability9Builder,37,0,0,0,1,0,6,0,6,0
proaccount-rest,inc.nimbuspay.proaccountrest.transaction.request.generated.reversalinitiationv03,TypeOfAmount22Code,6,45,0,0,2,8,2,1,2,1
proaccount-rest,inc.nimbuspay.proaccountrest.transaction.request.generated.reversalinitiationv03,OriginalDataElements2.OriginalDataElements2Builder,175,0,0,0,1,0,21,0,21,0
proaccount-rest,inc.nimbuspay.proaccountrest.transaction.request.generated.reversalinitiationv03,Parameter7,115,0,16,0,6,0,19,0,11,0
[...]
proaccount-rest,inc.nimbuspay.proaccountrest.transaction.request.generated.financialinitiationv03,UnitOfMeasure10Code,21,0,0,0,5,0,3,0,3,0
proaccount-rest,inc.nimbuspay.proaccountrest.transaction.request.generated.financialinitiationv03,VehicleRentalCustomer2.VehicleRentalCustomer2Builder,76,0,0,0,1,0,10,0,10,0
proaccount-rest,inc.nimbuspay.proaccountrest.transaction.request.generated.financialinitiationv03,AuthorisedAmount1.AuthorisedAmount1Builder,37,0,0,0,1,0,6,0,6,0
proaccount-rest,inc.nimbuspay.proaccountrest.transaction.request.generated.financialinitiationv03,Terminal5,477,0,86,0,14,0,70,0,27,0
proaccount-rest,inc.nimbuspay.proaccountrest.transaction.request.generated.financialinitiationv03,PartyIdentification255,864,0,158,0,23,0,124,0,45,0
proaccount-rest,inc.nimbuspay.proaccountrest.transaction.request.generated.financialinitiationv03,PartyIdentification254,863,0,158,0,23,0,124,0,45,0
proaccount-rest,inc.nimbuspay.proaccountrest.transaction.request.generated.financialinitiationv03,FleetDiscountTotals1.FleetDiscountTotals1Builder,39,0,0,0,1,0,6,0,6,0
proaccount-rest,inc.nimbuspay.proaccountrest.transaction.request.generated.financialinitiationv03,PartyIdentification259,303,0,54,0,10,0,46,0,19,0
proaccount-rest,inc.nimbuspay.proaccountrest.transaction.request.generated.financialinitiationv03,RiskAssessment1Code,33,0,0,0,7,0,3,0,3,0
proaccount-rest,inc.nimbuspay.proaccountrest.transaction.request.generated.financialinitiationv03,PartyIdentification258,345,0,62,0,11,0,52,0,21,0
proaccount-rest,inc.nimbuspay.proaccountrest.transaction.request.generated.financialinitiationv03,PartyIdentification257,130,0,22,0,6,0,22,0,11,0
proaccount-rest,inc.nimbuspay.proaccountrest.transaction.request.generated.financialinitiationv03,Environment20.Environment20Builder,79,0,0,0,1,0,10,0,10,0
proaccount-rest,inc.nimbuspay.proaccountrest.transaction.request.generated.financialinitiationv03,SupplementaryData1,129,0,22,0,6,0,22,0,11,0
proaccount-rest,inc.nimbuspay.proaccountrest.transaction.request.generated.financialinitiationv03,CommunicationCharacteristics3.CommunicationCharacteristics3Builder,38,0,0,0,1,0,6,0,6,0
proaccount-rest,inc.nimbuspay.proaccountrest.transaction.request.generated.financialinitiationv03,LoyaltyProgramme3,173,0,30,0,7,0,28,0,13,0
proaccount-rest,inc.nimbuspay.proaccountrest.transaction.request.generated.financialinitiationv03,Adjustment9.Adjustment9Builder,83,0,0,0,1,0,11,0,11,0
proaccount-rest,inc.nimbuspay.proaccountrest.transaction.request.generated.financialinitiationv03,AccountDetails3.AccountDetails3Builder,36,0,0,0,1,0,6,0,6,0
proaccount-rest,inc.nimbuspay.proaccountrest.transaction.request.generated.financialinitiationv03,LoyaltyProgramme2,171,0,30,0,7,0,28,0,13,0
proaccount-rest,inc.nimbuspay.proaccountrest.transaction.request.generated.financialinitiationv03,Verification4,258,0,46,0,9,0,40,0,17,0
proaccount-rest,inc.nimbuspay.proaccountrest.transaction.request.generated.financialinitiationv03,Verification5,259,0,46,0,9,0,40,0,17,0
proaccount-rest,inc.nimbuspay.proaccountrest.transaction.request.generated.financialinitiationv03,PointOfInteractionComponent13,306,0,54,0,10,0,46,0,19,0
proaccount-rest,inc.nimbuspay.proaccountrest.transaction.request.generated.financialinitiationv03,ECommerceData1.ECommerceData1Builder,27,0,0,0,1,0,5,0,5,0
proaccount-rest,inc.nimbuspay.proaccountrest.transaction.request.generated.financialinitiationv03,GenericIdentification48,171,0,30,0,7,0,28,0,13,0
proaccount-rest,inc.nimbuspay.proaccountrest.transaction.request.generated.financialinitiationv03,FinancialInitiationV03.FinancialInitiationV03Builder,39,0,0,0,1,0,6,0,6,0
proaccount-rest,inc.nimbuspay.proaccountrest.transaction.request.generated.financialinitiationv03,GenericInformation1.GenericInformation1Builder,27,0,0,0,1,0,5,0,5,0
proaccount-rest,inc.nimbuspay.proaccountrest.transaction.request.generated.financialinitiationv03,RiskAssessment2,477,0,86,0,14,0,70,0,27,0
proaccount-rest,inc.nimbuspay.proaccountrest.transaction.request.generated.financialinitiationv03,FleetLineItem4.FleetLineItem4Builder,170,0,0,0,1,0,20,0,20,0
proaccount-rest,inc.nimbuspay.proaccountrest.transaction.request.generated.financialinitiationv03,Customer8.Customer8Builder,66,0,0,0,1,0,9,0,9,0
proaccount-rest,inc.nimbuspay.proaccountrest.transaction.request.generated.financialinitiationv03,InterestRate1Code,33,0,0,0,7,0,3,0,3,0
proaccount-rest,inc.nimbuspay.proaccountrest.transaction.request.generated.financialinitiationv03,RiskContext2,130,0,22,0,6,0,22,0,11,0
proaccount-rest,inc.nimbuspay.proaccountrest.transaction.request.generated.financialinitiationv03,TransactionAmount1.TransactionAmount1Builder,28,0,0,0,1,0,5,0,5,0
proaccount-rest,inc.nimbuspay.proaccountrest.transaction.request.generated.financialinitiationv03,TransactionAmounts2,105,25,22,0,2,4,16,6,5,6
proaccount-rest,inc.nimbuspay.proaccountrest.transaction.request.generated.financialinitiationv03,Driver2,432,0,78,0,13,0,64,0,25,0
proaccount-rest,inc.nimbuspay.proaccountrest.transaction.request.generated.financialinitiationv03,Recipient5Choice.Recipient5ChoiceBuilder,29,0,0,0,1,0,5,0,5,0
proaccount-rest,inc.nimbuspay.proaccountrest.transaction.request.generated.financialinitiationv03,ApprovalEntity2,302,0,54,0,10,0,46,0,19,0
proaccount-rest,inc.nimbuspay.proaccountrest.transaction.request.generated.financialinitiationv03,UnitOfMeasure2.UnitOfMeasure2Builder,38,0,0,0,1,0,6,0,6,0
proaccount-rest,inc.nimbuspay.proaccountrest.transaction.request.generated.financialinitiationv03,PartyIdentification255.PartyIdentification255Builder,185,0,0,0,1,0,22,0,22,0
proaccount-rest,inc.nimbuspay.proaccountrest.transaction.request.generated.financialinitiationv03,Track2Data1Choice,105,23,22,0,2,4,16,6,5,6
proaccount-rest,inc.nimbuspay.proaccountrest.transaction.request.generated.financialinitiationv03,TransactionContext7,793,110,166,0,2,22,107,23,24,23
proaccount-rest,inc.nimbuspay.proaccountrest.transaction.request.generated.financialinitiationv03,AdditionalService2,207,53,46,0,2,7,28,12,5,12
proaccount-rest,inc.nimbuspay.proaccountrest.transaction.request.generated.financialinitiationv03,CardReadingCapabilities1.CardReadingCapabilities1Builder,28,0,0,0,1,0,5,0,5,0
proaccount-rest,inc.nimbuspay.proaccountrest.transaction.request.generated.financialinitiationv03,EncryptedData1.EncryptedData1Builder,100,0,0,0,1,0,13,0,13,0
proaccount-rest,inc.nimbuspay.proaccountrest.transaction.request.generated.financialinitiationv03,TemporaryServicesCompany2.TemporaryServicesCompany2Builder,46,0,0,0,1,0,7,0,7,0
proaccount-rest,inc.nimbuspay.proaccountrest.transaction.request.generated.financialinitiationv03,TerminalType1Code,39,0,0,0,8,0,3,0,3,0
proaccount-rest,inc.nimbuspay.proaccountrest.transaction.request.generated.financialinitiationv03,EncryptedContent5.EncryptedContent5Builder,39,0,0,0,1,0,6,0,6,0
proaccount-rest,inc.nimbuspay.proaccountrest.transaction.request.generated.financialinitiationv03,AlgorithmIdentification26.AlgorithmIdentification26Builder,29,0,0,0,1,0,5,0,5,0
proaccount-rest,inc.nimbuspay.proaccountrest.transaction.request.generated.financialinitiationv03,AdditionalInformation19.AdditionalInformation19Builder,36,0,0,0,1,0,6,0,6,0
proaccount-rest,inc.nimbuspay.proaccountrest.transaction.request.generated.financialinitiationv03,DisplayCapabilities6,262,0,46,0,9,0,40,0,17,0
proaccount-rest,inc.nimbuspay.proaccountrest.transaction.request.generated.financialinitiationv03,SettlementServiceMode1.SettlementServiceMode1Builder,46,0,0,0,1,0,7,0,7,0
proaccount-rest,inc.nimbuspay.proaccountrest.transaction.request.generated.financialinitiationv03,KEKIdentifier2.KEKIdentifier2Builder,47,0,0,0,1,0,7,0,7,0
proaccount-rest,inc.nimbuspay.proaccountrest.transaction.request.generated.financialinitiationv03,LocalData1.LocalData1Builder,46,0,0,0,1,0,7,0,7,0
proaccount-rest,inc.nimbuspay.proaccountrest.transaction.request.generated.financialinitiationv03,Environment20,350,0,62,0,11,0,52,0,21,0
proaccount-rest,inc.nimbuspay.proaccountrest.transaction.request.generated.financialinitiationv03,Plan2,784,0,142,0,21,0,112,0,41,0
proaccount-rest,inc.nimbuspay.proaccountrest.transaction.request.generated.financialinitiationv03,IssuerAndSerialNumber1.IssuerAndSerialNumber1Builder,29,0,0,0,1,0,5,0,5,0
proaccount-rest,inc.nimbuspay.proaccountrest.transaction.request.generated.financialinitiationv03,TravelAgency3.TravelAgency3Builder,38,0,0,0,1,0,6,0,6,0
proaccount-rest,inc.nimbuspay.proaccountrest.transaction.request.generated.financialinitiationv03,POIComponentType5Code,123,0,0,0,22,0,3,0,3,0
proaccount-rest,inc.nimbuspay.proaccountrest.transaction.request.generated.financialinitiationv03,DisputeReference1,173,0,30,0,7,0,28,0,13,0
proaccount-rest,inc.nimbuspay.proaccountrest.transaction.request.generated.financialinitiationv03,PointOfServiceContext3.PointOfServiceContext3Builder,164,0,0,0,1,0,20,0,20,0
proaccount-rest,inc.nimbuspay.proaccountrest.transaction.request.generated.financialinitiationv03,POIComponentStatus1Code,33,0,0,0,7,0,3,0,3,0
proaccount-rest,inc.nimbuspay.proaccountrest.transaction.request.generated.financialinitiationv03,Environment17,291,59,62,0,2,9,40,12,9,12
proaccount-rest,inc.nimbuspay.proaccountrest.transaction.request.generated.financialinitiationv03,InvoiceSummary2.InvoiceSummary2Builder,104,0,0,0,1,0,13,0,13,0
proaccount-rest,inc.nimbuspay.proaccountrest.transaction.request.generated.financialinitiationv03,AlgorithmIdentification22.AlgorithmIdentification22Builder,29,0,0,0,1,0,5,0,5,0
proaccount-rest,inc.nimbuspay.proaccountrest.transaction.request.generated.financialinitiationv03,AlgorithmIdentification21.AlgorithmIdentification21Builder,19,0,0,0,1,0,4,0,4,0
proaccount-rest,inc.nimbuspay.proaccountrest.transaction.request.generated.financialinitiationv03,RentalDetails2.RentalDetails2Builder,85,0,0,0,1,0,11,0,11,0
proaccount-rest,inc.nimbuspay.proaccountrest.transaction.request.generated.financialinitiationv03,ICCFallbackReason1Code,39,0,0,0,8,0,3,0,3,0
proaccount-rest,inc.nimbuspay.proaccountrest.transaction.request.generated.financialinitiationv03,AlgorithmIdentification25.AlgorithmIdentification25Builder,29,0,0,0,1,0,5,0,5,0
proaccount-rest,inc.nimbuspay.proaccountrest.transaction.request.generated.financialinitiationv03,ECommerceData1,128,0,22,0,6,0,22,0,11,0
proaccount-rest,inc.nimbuspay.proaccountrest.transaction.request.generated.financialinitiationv03,PartyType18Code,6,27,0,0,2,5,2,1,2,1
proaccount-rest,inc.nimbuspay.proaccountrest.transaction.request.generated.financialinitiationv03,Traceability9,172,0,30,0,7,0,28,0,13,0
proaccount-rest,inc.nimbuspay.proaccountrest.transaction.request.generated.financialinitiationv03,PartyIdentification208,214,0,38,0,8,0,34,0,15,0
proaccount-rest,inc.nimbuspay.proaccountrest.transaction.request.generated.financialinitiationv03,Location4,301,0,54,0,10,0,46,0,19,0
proaccount-rest,inc.nimbuspay.proaccountrest.transaction.request.generated.financialinitiationv03,EncapsulatedContent3,115,0,16,0,6,0,19,0,11,0
proaccount-rest,inc.nimbuspay.proaccountrest.transaction.request.generated.financialinitiationv03,PartyIdentification200,302,0,54,0,10,0,46,0,19,0
proaccount-rest,inc.nimbuspay.proaccountrest.transaction.request.generated.financialinitiationv03,Address2.Address2Builder,108,0,0,0,1,0,14,0,14,0
proaccount-rest,inc.nimbuspay.proaccountrest.transaction.request.generated.financialinitiationv03,Destination3.Destination3Builder,28,0,0,0,1,0,5,0,5,0
proaccount-rest,inc.nimbuspay.proaccountrest.transaction.request.generated.financialinitiationv03,RentalDetails2,390,0,70,0,12,0,58,0,23,0
proaccount-rest,inc.nimbuspay.proaccountrest.transaction.request.generated.financialinitiationv03,ReceiptType1Code,39,0,0,0,8,0,3,0,3,0
proaccount-rest,inc.nimbuspay.proaccountrest.transaction.request.generated.financialinitiationv03,PartyType32Code,39,0,0,0,8,0,3,0,3,0
proaccount-rest,inc.nimbuspay.proaccountrest.transaction.request.generated.financialinitiationv03,VerificationValue1Choice,201,0,32,0,8,0,31,0,15,0
proaccount-rest,inc.nimbuspay.proaccountrest.transaction.request.generated.financialinitiationv03,AccountDetails3,139,32,30,0,2,5,20,8,5,8
proaccount-rest,inc.nimbuspay.proaccountrest.transaction.request.generated.financialinitiationv03,GracePeriod2,215,0,38,0,8,0,34,0,15,0
proaccount-rest,inc.nimbuspay.proaccountrest.transaction.request.generated.financialinitiationv03,MessageError1Code,117,0,0,0,21,0,3,0,3,0
proaccount-rest,inc.nimbuspay.proaccountrest.transaction.request.generated.financialinitiationv03,LoyaltyMember2,518,0,94,0,15,0,76,0,29,0
proaccount-rest,inc.nimbuspay.proaccountrest.transaction.request.generated.financialinitiationv03,ClaimInformation1,128,0,22,0,6,0,22,0,11,0
proaccount-rest,inc.nimbuspay.proaccountrest.transaction.request.generated.financialinitiationv03,Recipient7Choice,174,0,30,0,7,0,28,0,13,0
proaccount-rest,inc.nimbuspay.proaccountrest.transaction.request.generated.financialinitiationv03,Context10.Context10Builder,29,0,0,0,1,0,5,0,5,0
proaccount-rest,inc.nimbuspay.proaccountrest.transaction.request.generated.financialinitiationv03,KeyTransport6.KeyTransport6Builder,49,0,0,0,1,0,7,0,7,0
proaccount-rest,inc.nimbuspay.proaccountrest.transaction.request.generated.financialinitiationv03,AdditionalIdentificationType1Code,33,0,0,0,7,0,3,0,3,0
proaccount-rest,inc.nimbuspay.proaccountrest.transaction.request.generated.financialinitiationv03,Parameter10.Parameter10Builder,39,0,0,0,1,0,6,0,6,0
proaccount-rest,inc.nimbuspay.proaccountrest.transaction.request.generated.financialinitiationv03,PresentationMedium2Code,33,0,0,0,7,0,3,0,3,0
proaccount-rest,inc.nimbuspay.proaccountrest.transaction.request.generated.financialinitiationv03,Recipient6Choice,174,0,30,0,7,0,28,0,13,0
proaccount-rest,inc.nimbuspay.proaccountrest.transaction.request.generated.financialinitiationv03,BatchManagementInformation1.BatchManagementInformation1Builder,46,0,0,0,1,0,7,0,7,0
proaccount-rest,inc.nimbuspay.proaccountrest.transaction.request.generated.financialinitiationv03,InvoiceSummary2,477,0,86,0,14,0,70,0,27,0
proaccount-rest,inc.nimbuspay.proaccountrest.transaction.request.generated.financialinitiationv03,SponsoredMerchant2,390,0,70,0,12,0,58,0,23,0
proaccount-rest,inc.nimbuspay.proaccountrest.transaction.request.generated.financialinitiationv03,Algorithm17Code,140,0,4,0,23,0,6,0,4,0
proaccount-rest,inc.nimbuspay.proaccountrest.transaction.request.generated.financialinitiationv03,RiskAssessmentDataEntityProvider1,129,0,22,0,6,0,22,0,11,0
proaccount-rest,inc.nimbuspay.proaccountrest.transaction.request.generated.financialinitiationv03,TypeOfAmount19Code,51,0,0,0,10,0,3,0,3,0
proaccount-rest,inc.nimbuspay.proaccountrest.transaction.request.generated.financialinitiationv03,AuthenticatedData5,247,0,40,0,9,0,37,0,17,0
proaccount-rest,inc.nimbuspay.proaccountrest.transaction.request.generated.financialinitiationv03,AdditionalAction1,434,0,78,0,13,0,64,0,25,0
proaccount-rest,inc.nimbuspay.proaccountrest.transaction.request.generated.financialinitiationv03,DeviceIdentification1,215,0,38,0,8,0,34,0,15,0
proaccount-rest,inc.nimbuspay.proaccountrest.transaction.request.generated.financialinitiationv03,KeyUsage1Code,111,0,0,0,20,0,3,0,3,0
proaccount-rest,inc.nimbuspay.proaccountrest.transaction.request.generated.financialinitiationv03,Algorithm18Code,168,0,4,0,27,0,6,0,4,0
proaccount-rest,inc.nimbuspay.proaccountrest.transaction.request.generated.financialinitiationv03,ProtectionMethod1Code,45,0,0,0,9,0,3,0,3,0
proaccount-rest,inc.nimbuspay.proaccountrest.transaction.request.generated.financialinitiationv03,Recipient7Choice.Recipient7ChoiceBuilder,39,0,0,0,1,0,6,0,6,0
proaccount-rest,inc.nimbuspay.proaccountrest.transaction.request.generated.financialinitiationv03,ProcessingResult10,436,0,78,0,13,0,64,0,25,0
proaccount-rest,inc.nimbuspay.proaccountrest.transaction.request.generated.financialinitiationv03,ErrorDetails2,259,0,46,0,9,0,40,0,17,0
proaccount-rest,inc.nimbuspay.proaccountrest.transaction.request.generated.financialinitiationv03,ProcessingResult16,392,0,70,0,12,0,58,0,23,0
proaccount-rest,inc.nimbuspay.proaccountrest.transaction.request.generated.financialinitiationv03,AdditionalCharacteristics1.AdditionalCharacteristics1Builder,49,0,0,0,1,0,7,0,7,0
proaccount-rest,inc.nimbuspay.proaccountrest.transaction.request.generated.financialinitiationv03,ExchangeRateInformation2.ExchangeRateInformation2Builder,65,0,0,0,1,0,9,0,9,0
proaccount-rest,inc.nimbuspay.proaccountrest.transaction.request.generated.financialinitiationv03,ErrorDetails2.ErrorDetails2Builder,56,0,0,0,1,0,8,0,8,0
proaccount-rest,inc.nimbuspay.proaccountrest.transaction.request.generated.financialinitiationv03,CardData6.CardData6Builder,155,0,0,0,1,0,19,0,19,0
proaccount-rest,inc.nimbuspay.proaccountrest.transaction.request.generated.financialinitiationv03,PartyIdentification210.PartyIdentification210Builder,45,0,0,0,1,0,7,0,7,0
proaccount-rest,inc.nimbuspay.proaccountrest.transaction.request.generated.financialinitiationv03,SponsoredMerchant2.SponsoredMerchant2Builder,85,0,0,0,1,0,11,0,11,0
proaccount-rest,inc.nimbuspay.proaccountrest.transaction.request.generated.financialinitiationv03,KEKIdentifier6.KEKIdentifier6Builder,47,0,0,0,1,0,7,0,7,0
proaccount-rest,inc.nimbuspay.proaccountrest.transaction.request.generated.financialinitiationv03,PaymentTransaction141.PaymentTransaction141Builder,58,0,0,0,1,0,8,0,8,0
proaccount-rest,inc.nimbuspay.proaccountrest.transaction.request.generated.financialinitiationv03,VehicleRentalInvoice2.VehicleRentalInvoice2Builder,160,0,0,0,1,0,19,0,19,0
proaccount-rest,inc.nimbuspay.proaccountrest.transaction.request.generated.financialinitiationv03,ProcessingResult10.ProcessingResult10Builder,97,0,0,0,1,0,12,0,12,0
proaccount-rest,inc.nimbuspay.proaccountrest.transaction.request.generated.financialinitiationv03,CardDataReading10Code,6,87,0,0,2,15,2,1,2,1
proaccount-rest,inc.nimbuspay.proaccountrest.transaction.request.generated.financialinitiationv03,PurchaseIdentifierType1Code,123,0,0,0,22,0,3,0,3,0
proaccount-rest,inc.nimbuspay.proaccountrest.transaction.request.generated.financialinitiationv03,VehicleRentalCustomer2,347,0,62,0,11,0,52,0,21,0
proaccount-rest,inc.nimbuspay.proaccountrest.transaction.request.generated.financialinitiationv03,CardWritingCapabilities1,129,0,22,0,6,0,22,0,11,0
proaccount-rest,inc.nimbuspay.proaccountrest.transaction.request.generated.financialinitiationv03,PartyIdentification210,214,0,38,0,8,0,34,0,15,0
proaccount-rest,inc.nimbuspay.proaccountrest.transaction.request.generated.financialinitiationv03,ExchangeRateType2Code,45,0,0,0,9,0,3,0,3,0
proaccount-rest,inc.nimbuspay.proaccountrest.transaction.request.generated.financialinitiationv03,Verification5.Verification5Builder,56,0,0,0,1,0,8,0,8,0
proaccount-rest,inc.nimbuspay.proaccountrest.transaction.request.generated.financialinitiationv03,AuthorisedAmount1,172,0,30,0,7,0,28,0,13,0
proaccount-rest,inc.nimbuspay.proaccountrest.transaction.request.generated.financialinitiationv03,DisputeIdentification1.DisputeIdentification1Builder,27,0,0,0,1,0,5,0,5,0
proaccount-rest,inc.nimbuspay.proaccountrest.transaction.request.generated.financialinitiationv03,GracePeriodUnitType1Code,45,0,0,0,9,0,3,0,3,0
proaccount-rest,inc.nimbuspay.proaccountrest.transaction.request.generated.financialinitiationv03,CarRentalServiceType2Code,213,0,0,0,37,0,3,0,3,0
proaccount-rest,inc.nimbuspay.proaccountrest.transaction.request.generated.financialinitiationv03,TemporaryServicesJob1,257,0,46,0,9,0,40,0,17,0
proaccount-rest,inc.nimbuspay.proaccountrest.transaction.request.generated.financialinitiationv03,SpecialConditions1.SpecialConditions1Builder,27,0,0,0,1,0,5,0,5,0
proaccount-rest,inc.nimbuspay.proaccountrest.transaction.request.generated.financialinitiationv03,CardDataReading5Code,63,0,0,0,12,0,3,0,3,0
proaccount-rest,inc.nimbuspay.proaccountrest.management.constant.enums,AccountResponseMessage,0,83,0,0,0,14,0,5,0,5
